{"meta": {"format": 3, "version": "7.6.1", "timestamp": "2025-09-21T15:30:24.275247", "branch_coverage": true, "show_contexts": false}, "files": {"src/ledzephyr/__init__.py": {"executed_lines": [1, 8], "summary": {"covered_lines": 1, "num_statements": 1, "percent_covered": 100.0, "percent_covered_display": "100", "missing_lines": 0, "excluded_lines": 0, "num_branches": 0, "num_partial_branches": 0, "covered_branches": 0, "missing_branches": 0}, "missing_lines": [], "excluded_lines": [], "executed_branches": [], "missing_branches": [], "functions": {"": {"executed_lines": [1, 8], "summary": {"covered_lines": 1, "num_statements": 1, "percent_covered": 100.0, "percent_covered_display": "100", "missing_lines": 0, "excluded_lines": 0, "num_branches": 0, "num_partial_branches": 0, "covered_branches": 0, "missing_branches": 0}, "missing_lines": [], "excluded_lines": [], "executed_branches": [], "missing_branches": []}}, "classes": {"": {"executed_lines": [1, 8], "summary": {"covered_lines": 1, "num_statements": 1, "percent_covered": 100.0, "percent_covered_display": "100", "missing_lines": 0, "excluded_lines": 0, "num_branches": 0, "num_partial_branches": 0, "covered_branches": 0, "missing_branches": 0}, "missing_lines": [], "excluded_lines": [], "executed_branches": [], "missing_branches": []}}}, "src/ledzephyr/cache.py": {"executed_lines": [1, 3, 4, 6, 9, 10, 12, 14, 15, 16, 19, 20, 24, 33, 37, 44, 47, 50, 51, 52], "summary": {"covered_lines": 18, "num_statements": 26, "percent_covered": 67.85714285714286, "percent_covered_display": "68", "missing_lines": 8, "excluded_lines": 0, "num_branches": 2, "num_partial_branches": 1, "covered_branches": 1, "missing_branches": 1}, "missing_lines": [26, 27, 28, 29, 30, 31, 35, 41], "excluded_lines": [], "executed_branches": [[50, 51]], "missing_branches": [[50, 52]], "functions": {"SimpleAPICache.__init__": {"executed_lines": [14, 15, 16, 19, 20], "summary": {"covered_lines": 5, "num_statements": 5, "percent_covered": 100.0, "percent_covered_display": "100", "missing_lines": 0, "excluded_lines": 0, "num_branches": 0, "num_partial_branches": 0, "covered_branches": 0, "missing_branches": 0}, "missing_lines": [], "excluded_lines": [], "executed_branches": [], "missing_branches": []}, "SimpleAPICache.get_cached_response": {"executed_lines": [], "summary": {"covered_lines": 0, "num_statements": 6, "percent_covered": 0.0, "percent_covered_display": "0", "missing_lines": 6, "excluded_lines": 0, "num_branches": 0, "num_partial_branches": 0, "covered_branches": 0, "missing_branches": 0}, "missing_lines": [26, 27, 28, 29, 30, 31], "excluded_lines": [], "executed_branches": [], "missing_branches": []}, "SimpleAPICache.clear_cache": {"executed_lines": [], "summary": {"covered_lines": 0, "num_statements": 1, "percent_covered": 0.0, "percent_covered_display": "0", "missing_lines": 1, "excluded_lines": 0, "num_branches": 0, "num_partial_branches": 0, "covered_branches": 0, "missing_branches": 0}, "missing_lines": [35], "excluded_lines": [], "executed_branches": [], "missing_branches": []}, "SimpleAPICache.clear_project_cache": {"executed_lines": [], "summary": {"covered_lines": 0, "num_statements": 1, "percent_covered": 0.0, "percent_covered_display": "0", "missing_lines": 1, "excluded_lines": 0, "num_branches": 0, "num_partial_branches": 0, "covered_branches": 0, "missing_branches": 0}, "missing_lines": [41], "excluded_lines": [], "executed_branches": [], "missing_branches": []}, "get_api_cache": {"executed_lines": [50, 51, 52], "summary": {"covered_lines": 3, "num_statements": 3, "percent_covered": 80.0, "percent_covered_display": "80", "missing_lines": 0, "excluded_lines": 0, "num_branches": 2, "num_partial_branches": 1, "covered_branches": 1, "missing_branches": 1}, "missing_lines": [], "excluded_lines": [], "executed_branches": [[50, 51]], "missing_branches": [[50, 52]]}, "": {"executed_lines": [1, 3, 4, 6, 9, 10, 12, 24, 33, 37, 44, 47], "summary": {"covered_lines": 10, "num_statements": 10, "percent_covered": 100.0, "percent_covered_display": "100", "missing_lines": 0, "excluded_lines": 0, "num_branches": 0, "num_partial_branches": 0, "covered_branches": 0, "missing_branches": 0}, "missing_lines": [], "excluded_lines": [], "executed_branches": [], "missing_branches": []}}, "classes": {"SimpleAPICache": {"executed_lines": [14, 15, 16, 19, 20], "summary": {"covered_lines": 5, "num_statements": 13, "percent_covered": 38.46153846153846, "percent_covered_display": "38", "missing_lines": 8, "excluded_lines": 0, "num_branches": 0, "num_partial_branches": 0, "covered_branches": 0, "missing_branches": 0}, "missing_lines": [26, 27, 28, 29, 30, 31, 35, 41], "excluded_lines": [], "executed_branches": [], "missing_branches": []}, "": {"executed_lines": [1, 3, 4, 6, 9, 10, 12, 24, 33, 37, 44, 47, 50, 51, 52], "summary": {"covered_lines": 13, "num_statements": 13, "percent_covered": 93.33333333333333, "percent_covered_display": "93", "missing_lines": 0, "excluded_lines": 0, "num_branches": 2, "num_partial_branches": 1, "covered_branches": 1, "missing_branches": 1}, "missing_lines": [], "excluded_lines": [], "executed_branches": [[50, 51]], "missing_branches": [[50, 52]]}}}, "src/ledzephyr/cli.py": {"executed_lines": [], "summary": {"covered_lines": 0, "num_statements": 149, "percent_covered": 0.0, "percent_covered_display": "0", "missing_lines": 149, "excluded_lines": 2, "num_branches": 56, "num_partial_branches": 0, "covered_branches": 0, "missing_branches": 56}, "missing_lines": [3, 4, 5, 6, 7, 9, 10, 11, 13, 14, 15, 16, 17, 18, 19, 20, 22, 27, 30, 32, 33, 34, 37, 38, 46, 47, 48, 49, 58, 59, 61, 62, 64, 65, 67, 68, 69, 72, 73, 74, 75, 77, 80, 81, 82, 83, 84, 86, 88, 91, 92, 93, 94, 95, 97, 99, 101, 102, 104, 105, 106, 107, 110, 111, 126, 127, 128, 129, 131, 132, 134, 135, 136, 137, 140, 141, 142, 143, 146, 149, 150, 152, 153, 154, 155, 156, 157, 158, 159, 161, 162, 163, 164, 165, 166, 167, 168, 169, 170, 172, 173, 175, 176, 178, 179, 180, 181, 182, 185, 187, 189, 190, 191, 192, 193, 194, 195, 196, 198, 199, 210, 213, 218, 220, 221, 222, 224, 227, 229, 230, 240, 242, 243, 244, 254, 257, 258, 263, 264, 265, 266, 268, 269, 270, 271, 272, 273, 274, 275], "excluded_lines": [278, 279], "executed_branches": [], "missing_branches": [[32, -30], [32, 33], [38, 37], [38, 58], [59, 58], [59, 110], [64, -58], [64, 65], [74, 75], [74, 77], [80, 81], [80, 88], [83, 84], [83, 86], [91, 92], [91, 99], [94, 95], [94, 97], [111, 110], [111, 185], [126, 127], [126, 128], [131, -110], [131, 132], [141, 142], [141, 149], [149, 150], [149, 163], [152, 153], [152, 175], [154, 155], [154, 156], [156, 157], [156, 158], [158, 159], [158, 161], [163, 164], [163, 165], [165, 166], [165, 172], [166, 167], [166, 168], [198, 199], [198, 210], [218, -218], [218, 220], [220, 221], [220, 224], [221, -213], [221, 222], [229, -227], [229, 230], [243, 229], [243, 244], [271, 272], [271, 273]], "functions": {"version_callback": {"executed_lines": [], "summary": {"covered_lines": 0, "num_statements": 3, "percent_covered": 0.0, "percent_covered_display": "0", "missing_lines": 3, "excluded_lines": 0, "num_branches": 2, "num_partial_branches": 0, "covered_branches": 0, "missing_branches": 2}, "missing_lines": [32, 33, 34], "excluded_lines": [], "executed_branches": [], "missing_branches": [[32, -30], [32, 33]]}, "main": {"executed_lines": [], "summary": {"covered_lines": 0, "num_statements": 4, "percent_covered": 0.0, "percent_covered_display": "0", "missing_lines": 4, "excluded_lines": 0, "num_branches": 0, "num_partial_branches": 0, "covered_branches": 0, "missing_branches": 0}, "missing_lines": [46, 47, 48, 49], "excluded_lines": [], "executed_branches": [], "missing_branches": []}, "doctor": {"executed_lines": [], "summary": {"covered_lines": 0, "num_statements": 32, "percent_covered": 0.0, "percent_covered_display": "0", "missing_lines": 32, "excluded_lines": 0, "num_branches": 12, "num_partial_branches": 0, "covered_branches": 0, "missing_branches": 12}, "missing_lines": [61, 62, 64, 65, 67, 68, 69, 72, 73, 74, 75, 77, 80, 81, 82, 83, 84, 86, 88, 91, 92, 93, 94, 95, 97, 99, 101, 102, 104, 105, 106, 107], "excluded_lines": [], "executed_branches": [], "missing_branches": [[64, -58], [64, 65], [74, 75], [74, 77], [80, 81], [80, 88], [83, 84], [83, 86], [91, 92], [91, 99], [94, 95], [94, 97]]}, "metrics": {"executed_lines": [], "summary": {"covered_lines": 0, "num_statements": 44, "percent_covered": 0.0, "percent_covered_display": "0", "missing_lines": 44, "excluded_lines": 0, "num_branches": 22, "num_partial_branches": 0, "covered_branches": 0, "missing_branches": 22}, "missing_lines": [126, 127, 128, 129, 131, 132, 134, 135, 136, 137, 140, 141, 142, 143, 146, 149, 150, 152, 153, 154, 155, 156, 157, 158, 159, 161, 162, 163, 164, 165, 166, 167, 168, 169, 170, 172, 173, 175, 176, 178, 179, 180, 181, 182], "excluded_lines": [], "executed_branches": [], "missing_branches": [[126, 127], [126, 128], [131, -110], [131, 132], [141, 142], [141, 149], [149, 150], [149, 163], [152, 153], [152, 175], [154, 155], [154, 156], [156, 157], [156, 158], [158, 159], [158, 161], [163, 164], [163, 165], [165, 166], [165, 172], [166, 167], [166, 168]]}, "display_table": {"executed_lines": [], "summary": {"covered_lines": 0, "num_statements": 12, "percent_covered": 0.0, "percent_covered_display": "0", "missing_lines": 12, "excluded_lines": 0, "num_branches": 2, "num_partial_branches": 0, "covered_branches": 0, "missing_branches": 2}, "missing_lines": [187, 189, 190, 191, 192, 193, 194, 195, 196, 198, 199, 210], "excluded_lines": [], "executed_branches": [], "missing_branches": [[198, 199], [198, 210]]}, "display_json": {"executed_lines": [], "summary": {"covered_lines": 0, "num_statements": 5, "percent_covered": 0.0, "percent_covered_display": "0", "missing_lines": 5, "excluded_lines": 0, "num_branches": 6, "num_partial_branches": 0, "covered_branches": 0, "missing_branches": 6}, "missing_lines": [218, 220, 221, 222, 224], "excluded_lines": [], "executed_branches": [], "missing_branches": [[218, -218], [218, 220], [220, 221], [220, 224], [221, -213], [221, 222]]}, "save_csv": {"executed_lines": [], "summary": {"covered_lines": 0, "num_statements": 7, "percent_covered": 0.0, "percent_covered_display": "0", "missing_lines": 7, "excluded_lines": 0, "num_branches": 4, "num_partial_branches": 0, "covered_branches": 0, "missing_branches": 4}, "missing_lines": [229, 230, 240, 242, 243, 244, 254], "excluded_lines": [], "executed_branches": [], "missing_branches": [[229, -227], [229, 230], [243, 229], [243, 244]]}, "monitor": {"executed_lines": [], "summary": {"covered_lines": 0, "num_statements": 12, "percent_covered": 0.0, "percent_covered_display": "0", "missing_lines": 12, "excluded_lines": 0, "num_branches": 2, "num_partial_branches": 0, "covered_branches": 0, "missing_branches": 2}, "missing_lines": [263, 264, 265, 266, 268, 269, 270, 271, 272, 273, 274, 275], "excluded_lines": [], "executed_branches": [], "missing_branches": [[271, 272], [271, 273]]}, "": {"executed_lines": [], "summary": {"covered_lines": 0, "num_statements": 30, "percent_covered": 0.0, "percent_covered_display": "0", "missing_lines": 30, "excluded_lines": 2, "num_branches": 6, "num_partial_branches": 0, "covered_branches": 0, "missing_branches": 6}, "missing_lines": [3, 4, 5, 6, 7, 9, 10, 11, 13, 14, 15, 16, 17, 18, 19, 20, 22, 27, 30, 37, 38, 58, 59, 110, 111, 185, 213, 227, 257, 258], "excluded_lines": [278, 279], "executed_branches": [], "missing_branches": [[38, 37], [38, 58], [59, 58], [59, 110], [111, 110], [111, 185]]}}, "classes": {"": {"executed_lines": [], "summary": {"covered_lines": 0, "num_statements": 149, "percent_covered": 0.0, "percent_covered_display": "0", "missing_lines": 149, "excluded_lines": 2, "num_branches": 56, "num_partial_branches": 0, "covered_branches": 0, "missing_branches": 56}, "missing_lines": [3, 4, 5, 6, 7, 9, 10, 11, 13, 14, 15, 16, 17, 18, 19, 20, 22, 27, 30, 32, 33, 34, 37, 38, 46, 47, 48, 49, 58, 59, 61, 62, 64, 65, 67, 68, 69, 72, 73, 74, 75, 77, 80, 81, 82, 83, 84, 86, 88, 91, 92, 93, 94, 95, 97, 99, 101, 102, 104, 105, 106, 107, 110, 111, 126, 127, 128, 129, 131, 132, 134, 135, 136, 137, 140, 141, 142, 143, 146, 149, 150, 152, 153, 154, 155, 156, 157, 158, 159, 161, 162, 163, 164, 165, 166, 167, 168, 169, 170, 172, 173, 175, 176, 178, 179, 180, 181, 182, 185, 187, 189, 190, 191, 192, 193, 194, 195, 196, 198, 199, 210, 213, 218, 220, 221, 222, 224, 227, 229, 230, 240, 242, 243, 244, 254, 257, 258, 263, 264, 265, 266, 268, 269, 270, 271, 272, 273, 274, 275], "excluded_lines": [278, 279], "executed_branches": [], "missing_branches": [[32, -30], [32, 33], [38, 37], [38, 58], [59, 58], [59, 110], [64, -58], [64, 65], [74, 75], [74, 77], [80, 81], [80, 88], [83, 84], [83, 86], [91, 92], [91, 99], [94, 95], [94, 97], [111, 110], [111, 185], [126, 127], [126, 128], [131, -110], [131, 132], [141, 142], [141, 149], [149, 150], [149, 163], [152, 153], [152, 175], [154, 155], [154, 156], [156, 157], [156, 158], [158, 159], [158, 161], [163, 164], [163, 165], [165, 166], [165, 172], [166, 167], [166, 168], [198, 199], [198, 210], [218, -218], [218, 220], [220, 221], [220, 224], [221, -213], [221, 222], [229, -227], [229, 230], [243, 229], [243, 244], [271, 272], [271, 273]]}}}, "src/ledzephyr/client.py": {"executed_lines": [1, 3, 4, 5, 6, 8, 9, 11, 12, 13, 14, 21, 28, 31, 32, 33, 38, 39, 41, 44, 45, 47, 50, 51, 53, 54, 55, 58, 59, 60, 63, 68, 71, 72, 73, 75, 78, 81, 86, 192, 201, 218, 230, 247, 262, 264, 265, 269, 270, 272, 280, 287, 291, 292, 294, 295, 296, 297, 299, 300, 307, 308, 310, 311, 326, 328, 334, 341, 345, 347, 349, 353, 354, 355, 356, 357, 359, 364, 366, 373, 374, 376, 377, 394, 396, 402, 406, 407, 408, 409, 413, 415, 416, 418, 419, 420, 427, 428, 438, 440, 443], "summary": {"covered_lines": 97, "num_statements": 203, "percent_covered": 43.223443223443226, "percent_covered_display": "43", "missing_lines": 106, "excluded_lines": 0, "num_branches": 70, "num_partial_branches": 9, "covered_branches": 21, "missing_branches": 49}, "missing_lines": [34, 35, 76, 79, 95, 96, 97, 99, 100, 103, 104, 107, 108, 109, 112, 113, 114, 119, 121, 122, 126, 131, 132, 133, 139, 146, 147, 148, 150, 151, 152, 156, 157, 159, 160, 161, 164, 165, 166, 168, 170, 171, 173, 174, 175, 177, 178, 184, 187, 188, 194, 195, 196, 197, 199, 203, 204, 205, 207, 210, 211, 212, 214, 216, 220, 221, 222, 225, 226, 227, 228, 232, 233, 235, 236, 237, 242, 243, 244, 245, 249, 250, 252, 253, 254, 257, 258, 259, 260, 288, 289, 330, 331, 332, 342, 343, 360, 361, 398, 399, 400, 411, 429, 430, 435, 436], "excluded_lines": [], "executed_branches": [[86, 81], [86, 86], [86, 192], [270, -270], [270, 270], [270, 272], [287, 291], [294, 295], [296, 297], [310, 311], [310, 328], [341, 345], [354, 355], [355, 356], [359, 364], [376, 377], [376, 396], [406, 407], [406, 408], [408, 409], [418, 419], [418, 438], [428, 418]], "missing_branches": [[96, 97], [96, 99], [108, 109], [108, 112], [113, 114], [113, 119], [121, 122], [121, 126], [132, 133], [132, 146], [146, 147], [146, 148], [148, 150], [148, 156], [156, 157], [156, 164], [159, 160], [159, 161], [165, 166], [165, 168], [173, 174], [173, 175], [177, 178], [177, 184], [187, -81], [187, 188], [194, 195], [194, 196], [196, 197], [196, 199], [204, 205], [204, 207], [210, 211], [210, 216], [211, 212], [211, 214], [232, 233], [232, 235], [249, 250], [249, 252], [287, 288], [294, 296], [296, 299], [341, 342], [354, 359], [355, 354], [359, 360], [408, 411], [428, 429]], "functions": {"APIClient.__init__": {"executed_lines": [54, 55, 58, 59, 60, 63, 68, 71, 72, 73], "summary": {"covered_lines": 10, "num_statements": 10, "percent_covered": 100.0, "percent_covered_display": "100", "missing_lines": 0, "excluded_lines": 0, "num_branches": 0, "num_partial_branches": 0, "covered_branches": 0, "missing_branches": 0}, "missing_lines": [], "excluded_lines": [], "executed_branches": [], "missing_branches": []}, "APIClient.__enter__": {"executed_lines": [], "summary": {"covered_lines": 0, "num_statements": 1, "percent_covered": 0.0, "percent_covered_display": "0", "missing_lines": 1, "excluded_lines": 0, "num_branches": 0, "num_partial_branches": 0, "covered_branches": 0, "missing_branches": 0}, "missing_lines": [76], "excluded_lines": [], "executed_branches": [], "missing_branches": []}, "APIClient.__exit__": {"executed_lines": [], "summary": {"covered_lines": 0, "num_statements": 1, "percent_covered": 0.0, "percent_covered_display": "0", "missing_lines": 1, "excluded_lines": 0, "num_branches": 0, "num_partial_branches": 0, "covered_branches": 0, "missing_branches": 0}, "missing_lines": [79], "excluded_lines": [], "executed_branches": [], "missing_branches": []}, "APIClient._make_request": {"executed_lines": [], "summary": {"covered_lines": 0, "num_statements": 46, "percent_covered": 0.0, "percent_covered_display": "0", "missing_lines": 46, "excluded_lines": 0, "num_branches": 26, "num_partial_branches": 0, "covered_branches": 0, "missing_branches": 26}, "missing_lines": [95, 96, 97, 99, 100, 103, 104, 107, 108, 109, 112, 113, 114, 119, 121, 122, 126, 131, 132, 133, 139, 146, 147, 148, 150, 151, 152, 156, 157, 159, 160, 161, 164, 165, 166, 168, 170, 171, 173, 174, 175, 177, 178, 184, 187, 188], "excluded_lines": [], "executed_branches": [], "missing_branches": [[96, 97], [96, 99], [108, 109], [108, 112], [113, 114], [113, 119], [121, 122], [121, 126], [132, 133], [132, 146], [146, 147], [146, 148], [148, 150], [148, 156], [156, 157], [156, 164], [159, 160], [159, 161], [165, 166], [165, 168], [173, 174], [173, 175], [177, 178], [177, 184], [187, -81], [187, 188]]}, "APIClient._determine_service": {"executed_lines": [], "summary": {"covered_lines": 0, "num_statements": 5, "percent_covered": 0.0, "percent_covered_display": "0", "missing_lines": 5, "excluded_lines": 0, "num_branches": 4, "num_partial_branches": 0, "covered_branches": 0, "missing_branches": 4}, "missing_lines": [194, 195, 196, 197, 199], "excluded_lines": [], "executed_branches": [], "missing_branches": [[194, 195], [194, 196], [196, 197], [196, 199]]}, "APIClient._cached_get": {"executed_lines": [], "summary": {"covered_lines": 0, "num_statements": 9, "percent_covered": 0.0, "percent_covered_display": "0", "missing_lines": 9, "excluded_lines": 0, "num_branches": 6, "num_partial_branches": 0, "covered_branches": 0, "missing_branches": 6}, "missing_lines": [203, 204, 205, 207, 210, 211, 212, 214, 216], "excluded_lines": [], "executed_branches": [], "missing_branches": [[204, 205], [204, 207], [210, 211], [210, 216], [211, 212], [211, 214]]}, "APIClient.test_jira_connection": {"executed_lines": [], "summary": {"covered_lines": 0, "num_statements": 7, "percent_covered": 0.0, "percent_covered_display": "0", "missing_lines": 7, "excluded_lines": 0, "num_branches": 0, "num_partial_branches": 0, "covered_branches": 0, "missing_branches": 0}, "missing_lines": [220, 221, 222, 225, 226, 227, 228], "excluded_lines": [], "executed_branches": [], "missing_branches": []}, "APIClient.test_zephyr_connection": {"executed_lines": [], "summary": {"covered_lines": 0, "num_statements": 9, "percent_covered": 0.0, "percent_covered_display": "0", "missing_lines": 9, "excluded_lines": 0, "num_branches": 2, "num_partial_branches": 0, "covered_branches": 0, "missing_branches": 2}, "missing_lines": [232, 233, 235, 236, 237, 242, 243, 244, 245], "excluded_lines": [], "executed_branches": [], "missing_branches": [[232, 233], [232, 235]]}, "APIClient.test_qtest_connection": {"executed_lines": [], "summary": {"covered_lines": 0, "num_statements": 9, "percent_covered": 0.0, "percent_covered_display": "0", "missing_lines": 9, "excluded_lines": 0, "num_branches": 2, "num_partial_branches": 0, "covered_branches": 0, "missing_branches": 2}, "missing_lines": [249, 250, 252, 253, 254, 257, 258, 259, 260], "excluded_lines": [], "executed_branches": [], "missing_branches": [[249, 250], [249, 252]]}, "APIClient.get_jira_project": {"executed_lines": [264, 265, 269, 270, 272], "summary": {"covered_lines": 5, "num_statements": 5, "percent_covered": 100.0, "percent_covered_display": "100", "missing_lines": 0, "excluded_lines": 0, "num_branches": 2, "num_partial_branches": 0, "covered_branches": 2, "missing_branches": 0}, "missing_lines": [], "excluded_lines": [], "executed_branches": [[270, -270], [270, 270], [270, 272]], "missing_branches": []}, "APIClient.get_zephyr_tests": {"executed_lines": [287, 291, 292, 294, 295, 296, 297, 299, 300, 307, 308, 310, 311, 326, 328], "summary": {"covered_lines": 15, "num_statements": 20, "percent_covered": 71.42857142857143, "percent_covered_display": "71", "missing_lines": 5, "excluded_lines": 0, "num_branches": 8, "num_partial_branches": 3, "covered_branches": 5, "missing_branches": 3}, "missing_lines": [288, 289, 330, 331, 332], "excluded_lines": [], "executed_branches": [[287, 291], [294, 295], [296, 297], [310, 311], [310, 328]], "missing_branches": [[287, 288], [294, 296], [296, 299]]}, "APIClient.get_qtest_tests": {"executed_lines": [341, 345, 347, 349, 353, 354, 355, 356, 357, 359, 364, 366, 373, 374, 376, 377, 394, 396], "summary": {"covered_lines": 18, "num_statements": 25, "percent_covered": 68.57142857142857, "percent_covered_display": "69", "missing_lines": 7, "excluded_lines": 0, "num_branches": 10, "num_partial_branches": 4, "covered_branches": 6, "missing_branches": 4}, "missing_lines": [342, 343, 360, 361, 398, 399, 400], "excluded_lines": [], "executed_branches": [[341, 345], [354, 355], [355, 356], [359, 364], [376, 377], [376, 396]], "missing_branches": [[341, 342], [354, 359], [355, 354], [359, 360]]}, "APIClient.get_test_executions": {"executed_lines": [406, 407, 408, 409], "summary": {"covered_lines": 4, "num_statements": 5, "percent_covered": 77.77777777777777, "percent_covered_display": "78", "missing_lines": 1, "excluded_lines": 0, "num_branches": 4, "num_partial_branches": 1, "covered_branches": 3, "missing_branches": 1}, "missing_lines": [411], "excluded_lines": [], "executed_branches": [[406, 407], [406, 408], [408, 409]], "missing_branches": [[408, 411]]}, "APIClient._get_zephyr_executions": {"executed_lines": [415, 416, 418, 419, 420, 427, 428, 438], "summary": {"covered_lines": 8, "num_statements": 12, "percent_covered": 68.75, "percent_covered_display": "69", "missing_lines": 4, "excluded_lines": 0, "num_branches": 4, "num_partial_branches": 1, "covered_branches": 3, "missing_branches": 1}, "missing_lines": [429, 430, 435, 436], "excluded_lines": [], "executed_branches": [[418, 419], [418, 438], [428, 418]], "missing_branches": [[428, 429]]}, "APIClient._get_qtest_executions": {"executed_lines": [443], "summary": {"covered_lines": 1, "num_statements": 1, "percent_covered": 100.0, "percent_covered_display": "100", "missing_lines": 0, "excluded_lines": 0, "num_branches": 0, "num_partial_branches": 0, "covered_branches": 0, "missing_branches": 0}, "missing_lines": [], "excluded_lines": [], "executed_branches": [], "missing_branches": []}, "": {"executed_lines": [1, 3, 4, 5, 6, 8, 9, 11, 12, 13, 14, 21, 28, 31, 32, 33, 38, 39, 41, 44, 45, 47, 50, 51, 53, 75, 78, 81, 86, 192, 201, 218, 230, 247, 262, 280, 334, 402, 413, 440], "summary": {"covered_lines": 36, "num_statements": 38, "percent_covered": 95.0, "percent_covered_display": "95", "missing_lines": 2, "excluded_lines": 0, "num_branches": 2, "num_partial_branches": 0, "covered_branches": 2, "missing_branches": 0}, "missing_lines": [34, 35], "excluded_lines": [], "executed_branches": [[86, 81], [86, 86], [86, 192]], "missing_branches": []}}, "classes": {"APIError": {"executed_lines": [], "summary": {"covered_lines": 0, "num_statements": 0, "percent_covered": 100.0, "percent_covered_display": "100", "missing_lines": 0, "excluded_lines": 0, "num_branches": 0, "num_partial_branches": 0, "covered_branches": 0, "missing_branches": 0}, "missing_lines": [], "excluded_lines": [], "executed_branches": [], "missing_branches": []}, "AuthenticationError": {"executed_lines": [], "summary": {"covered_lines": 0, "num_statements": 0, "percent_covered": 100.0, "percent_covered_display": "100", "missing_lines": 0, "excluded_lines": 0, "num_branches": 0, "num_partial_branches": 0, "covered_branches": 0, "missing_branches": 0}, "missing_lines": [], "excluded_lines": [], "executed_branches": [], "missing_branches": []}, "APIClient": {"executed_lines": [54, 55, 58, 59, 60, 63, 68, 71, 72, 73, 264, 265, 269, 270, 272, 287, 291, 292, 294, 295, 296, 297, 299, 300, 307, 308, 310, 311, 326, 328, 341, 345, 347, 349, 353, 354, 355, 356, 357, 359, 364, 366, 373, 374, 376, 377, 394, 396, 406, 407, 408, 409, 415, 416, 418, 419, 420, 427, 428, 438, 443], "summary": {"covered_lines": 61, "num_statements": 165, "percent_covered": 34.33476394849785, "percent_covered_display": "34", "missing_lines": 104, "excluded_lines": 0, "num_branches": 68, "num_partial_branches": 9, "covered_branches": 19, "missing_branches": 49}, "missing_lines": [76, 79, 95, 96, 97, 99, 100, 103, 104, 107, 108, 109, 112, 113, 114, 119, 121, 122, 126, 131, 132, 133, 139, 146, 147, 148, 150, 151, 152, 156, 157, 159, 160, 161, 164, 165, 166, 168, 170, 171, 173, 174, 175, 177, 178, 184, 187, 188, 194, 195, 196, 197, 199, 203, 204, 205, 207, 210, 211, 212, 214, 216, 220, 221, 222, 225, 226, 227, 228, 232, 233, 235, 236, 237, 242, 243, 244, 245, 249, 250, 252, 253, 254, 257, 258, 259, 260, 288, 289, 330, 331, 332, 342, 343, 360, 361, 398, 399, 400, 411, 429, 430, 435, 436], "excluded_lines": [], "executed_branches": [[270, -270], [270, 270], [270, 272], [287, 291], [294, 295], [296, 297], [310, 311], [310, 328], [341, 345], [354, 355], [355, 356], [359, 364], [376, 377], [376, 396], [406, 407], [406, 408], [408, 409], [418, 419], [418, 438], [428, 418]], "missing_branches": [[96, 97], [96, 99], [108, 109], [108, 112], [113, 114], [113, 119], [121, 122], [121, 126], [132, 133], [132, 146], [146, 147], [146, 148], [148, 150], [148, 156], [156, 157], [156, 164], [159, 160], [159, 161], [165, 166], [165, 168], [173, 174], [173, 175], [177, 178], [177, 184], [187, -81], [187, 188], [194, 195], [194, 196], [196, 197], [196, 199], [204, 205], [204, 207], [210, 211], [210, 216], [211, 212], [211, 214], [232, 233], [232, 235], [249, 250], [249, 252], [287, 288], [294, 296], [296, 299], [341, 342], [354, 359], [355, 354], [359, 360], [408, 411], [428, 429]]}, "": {"executed_lines": [1, 3, 4, 5, 6, 8, 9, 11, 12, 13, 14, 21, 28, 31, 32, 33, 38, 39, 41, 44, 45, 47, 50, 51, 53, 75, 78, 81, 86, 192, 201, 218, 230, 247, 262, 280, 334, 402, 413, 440], "summary": {"covered_lines": 36, "num_statements": 38, "percent_covered": 95.0, "percent_covered_display": "95", "missing_lines": 2, "excluded_lines": 0, "num_branches": 2, "num_partial_branches": 0, "covered_branches": 2, "missing_branches": 0}, "missing_lines": [34, 35], "excluded_lines": [], "executed_branches": [[86, 81], [86, 86], [86, 192]], "missing_branches": []}}}, "src/ledzephyr/config.py": {"executed_lines": [1, 3, 5, 6, 9, 10, 13, 14, 15, 17, 18, 20, 21, 24, 25, 26, 29, 32, 33, 34, 35, 36, 38, 45], "summary": {"covered_lines": 22, "num_statements": 34, "percent_covered": 52.38095238095238, "percent_covered_display": "52", "missing_lines": 12, "excluded_lines": 0, "num_branches": 8, "num_partial_branches": 0, "covered_branches": 0, "missing_branches": 8}, "missing_lines": [48, 49, 50, 52, 53, 59, 62, 63, 65, 66, 72, 75], "excluded_lines": [], "executed_branches": [], "missing_branches": [[48, 49], [48, 62], [50, 52], [50, 62], [62, 63], [62, 75], [63, 62], [63, 65]], "functions": {"load_config": {"executed_lines": [], "summary": {"covered_lines": 0, "num_statements": 12, "percent_covered": 0.0, "percent_covered_display": "0", "missing_lines": 12, "excluded_lines": 0, "num_branches": 8, "num_partial_branches": 0, "covered_branches": 0, "missing_branches": 8}, "missing_lines": [48, 49, 50, 52, 53, 59, 62, 63, 65, 66, 72, 75], "excluded_lines": [], "executed_branches": [], "missing_branches": [[48, 49], [48, 62], [50, 52], [50, 62], [62, 63], [62, 75], [63, 62], [63, 65]]}, "": {"executed_lines": [1, 3, 5, 6, 9, 10, 13, 14, 15, 17, 18, 20, 21, 24, 25, 26, 29, 32, 33, 34, 35, 36, 38, 45], "summary": {"covered_lines": 22, "num_statements": 22, "percent_covered": 100.0, "percent_covered_display": "100", "missing_lines": 0, "excluded_lines": 0, "num_branches": 0, "num_partial_branches": 0, "covered_branches": 0, "missing_branches": 0}, "missing_lines": [], "excluded_lines": [], "executed_branches": [], "missing_branches": []}}, "classes": {"Config": {"executed_lines": [], "summary": {"covered_lines": 0, "num_statements": 0, "percent_covered": 100.0, "percent_covered_display": "100", "missing_lines": 0, "excluded_lines": 0, "num_branches": 0, "num_partial_branches": 0, "covered_branches": 0, "missing_branches": 0}, "missing_lines": [], "excluded_lines": [], "executed_branches": [], "missing_branches": []}, "load_config.CustomConfig": {"executed_lines": [], "summary": {"covered_lines": 0, "num_statements": 0, "percent_covered": 100.0, "percent_covered_display": "100", "missing_lines": 0, "excluded_lines": 0, "num_branches": 0, "num_partial_branches": 0, "covered_branches": 0, "missing_branches": 0}, "missing_lines": [], "excluded_lines": [], "executed_branches": [], "missing_branches": []}, "load_config.FoundEnvConfig": {"executed_lines": [], "summary": {"covered_lines": 0, "num_statements": 0, "percent_covered": 100.0, "percent_covered_display": "100", "missing_lines": 0, "excluded_lines": 0, "num_branches": 0, "num_partial_branches": 0, "covered_branches": 0, "missing_branches": 0}, "missing_lines": [], "excluded_lines": [], "executed_branches": [], "missing_branches": []}, "": {"executed_lines": [1, 3, 5, 6, 9, 10, 13, 14, 15, 17, 18, 20, 21, 24, 25, 26, 29, 32, 33, 34, 35, 36, 38, 45], "summary": {"covered_lines": 22, "num_statements": 34, "percent_covered": 52.38095238095238, "percent_covered_display": "52", "missing_lines": 12, "excluded_lines": 0, "num_branches": 8, "num_partial_branches": 0, "covered_branches": 0, "missing_branches": 8}, "missing_lines": [48, 49, 50, 52, 53, 59, 62, 63, 65, 66, 72, 75], "excluded_lines": [], "executed_branches": [], "missing_branches": [[48, 49], [48, 62], [50, 52], [50, 62], [62, 63], [62, 75], [63, 62], [63, 65]]}}}, "src/ledzephyr/error_handler.py": {"executed_lines": [1, 8, 9, 10, 11, 12, 13, 14, 15, 16, 18, 28, 31, 32, 34, 35, 36, 37, 40, 41, 43, 44, 45, 46, 47, 50, 51, 52, 54, 55, 56, 57, 58, 59, 60, 61, 62, 65, 66, 67, 69, 70, 71, 72, 73, 74, 77, 78, 80, 87, 88, 89, 90, 91, 92, 93, 95, 111, 117, 123, 138, 139, 141, 142, 143, 144, 145, 153, 160, 161, 162, 164, 168, 202, 213, 228, 249, 264, 282, 302, 312, 313, 335, 382, 405, 422, 440, 468, 471, 474, 475, 476, 482, 483, 485, 498, 499, 501, 510, 511, 513, 523, 524, 526], "summary": {"covered_lines": 93, "num_statements": 236, "percent_covered": 31.84713375796178, "percent_covered_display": "32", "missing_lines": 143, "excluded_lines": 0, "num_branches": 78, "num_partial_branches": 1, "covered_branches": 7, "missing_branches": 71}, "missing_lines": [97, 98, 99, 101, 103, 104, 105, 106, 107, 108, 109, 113, 114, 115, 119, 120, 121, 125, 126, 128, 129, 130, 133, 134, 135, 166, 177, 178, 181, 191, 194, 197, 200, 204, 205, 206, 207, 208, 209, 211, 215, 219, 220, 221, 222, 223, 224, 226, 234, 235, 236, 237, 238, 239, 240, 241, 243, 251, 252, 258, 266, 267, 268, 276, 284, 285, 286, 288, 289, 290, 296, 304, 320, 321, 323, 324, 325, 326, 328, 329, 330, 331, 333, 337, 338, 340, 349, 350, 351, 354, 355, 356, 359, 370, 371, 376, 389, 390, 396, 397, 398, 400, 402, 408, 409, 410, 411, 412, 413, 414, 415, 417, 419, 428, 430, 431, 432, 433, 435, 437, 442, 444, 445, 447, 448, 449, 451, 452, 454, 455, 458, 460, 462, 464, 492, 493, 494, 495, 502, 514, 515, 527, 528], "excluded_lines": [], "executed_branches": [[50, 51], [50, 52], [65, 66], [65, 67], [313, 312], [313, 313], [313, 335], [474, 475]], "missing_branches": [[97, 98], [97, 103], [98, 99], [98, 101], [113, 114], [113, 115], [128, 129], [128, 133], [133, -123], [133, 134], [177, 178], [177, 181], [204, 205], [204, 206], [206, 207], [206, 208], [208, 209], [208, 211], [219, 220], [219, 221], [221, 222], [221, 223], [223, 224], [223, 226], [234, 235], [234, 236], [236, 237], [236, 238], [238, 239], [238, 240], [240, 241], [240, 243], [251, 252], [251, 258], [267, 268], [267, 276], [285, 286], [285, 288], [289, 290], [289, 296], [320, 321], [320, 323], [328, 329], [328, 330], [330, 331], [330, 333], [337, 338], [337, 340], [349, 350], [349, 354], [350, -350], [350, 351], [354, 355], [354, 359], [359, -359], [359, 370], [370, 371], [370, 376], [390, 396], [390, 397], [396, 390], [396, 397], [397, 396], [397, 400], [410, 409], [410, 417], [432, 431], [432, 435], [449, 448], [449, 462], [474, 476]], "functions": {"CircuitBreaker.__init__": {"executed_lines": [87, 88, 89, 90, 91, 92, 93], "summary": {"covered_lines": 7, "num_statements": 7, "percent_covered": 100.0, "percent_covered_display": "100", "missing_lines": 0, "excluded_lines": 0, "num_branches": 0, "num_partial_branches": 0, "covered_branches": 0, "missing_branches": 0}, "missing_lines": [], "excluded_lines": [], "executed_branches": [], "missing_branches": []}, "CircuitBreaker.call": {"executed_lines": [], "summary": {"covered_lines": 0, "num_statements": 11, "percent_covered": 0.0, "percent_covered_display": "0", "missing_lines": 11, "excluded_lines": 0, "num_branches": 4, "num_partial_branches": 0, "covered_branches": 0, "missing_branches": 4}, "missing_lines": [97, 98, 99, 101, 103, 104, 105, 106, 107, 108, 109], "excluded_lines": [], "executed_branches": [], "missing_branches": [[97, 98], [97, 103], [98, 99], [98, 101]]}, "CircuitBreaker._should_attempt_reset": {"executed_lines": [], "summary": {"covered_lines": 0, "num_statements": 3, "percent_covered": 0.0, "percent_covered_display": "0", "missing_lines": 3, "excluded_lines": 0, "num_branches": 2, "num_partial_branches": 0, "covered_branches": 0, "missing_branches": 2}, "missing_lines": [113, 114, 115], "excluded_lines": [], "executed_branches": [], "missing_branches": [[113, 114], [113, 115]]}, "CircuitBreaker._on_success": {"executed_lines": [], "summary": {"covered_lines": 0, "num_statements": 3, "percent_covered": 0.0, "percent_covered_display": "0", "missing_lines": 3, "excluded_lines": 0, "num_branches": 0, "num_partial_branches": 0, "covered_branches": 0, "missing_branches": 0}, "missing_lines": [119, 120, 121], "excluded_lines": [], "executed_branches": [], "missing_branches": []}, "CircuitBreaker._on_failure": {"executed_lines": [], "summary": {"covered_lines": 0, "num_statements": 8, "percent_covered": 0.0, "percent_covered_display": "0", "missing_lines": 8, "excluded_lines": 0, "num_branches": 4, "num_partial_branches": 0, "covered_branches": 0, "missing_branches": 4}, "missing_lines": [125, 126, 128, 129, 130, 133, 134, 135], "excluded_lines": [], "executed_branches": [], "missing_branches": [[128, 129], [128, 133], [133, -123], [133, 134]]}, "ErrorHandler.__init__": {"executed_lines": [142, 143, 144, 145], "summary": {"covered_lines": 4, "num_statements": 4, "percent_covered": 100.0, "percent_covered_display": "100", "missing_lines": 0, "excluded_lines": 0, "num_branches": 0, "num_partial_branches": 0, "covered_branches": 0, "missing_branches": 0}, "missing_lines": [], "excluded_lines": [], "executed_branches": [], "missing_branches": []}, "ErrorHandler.register_circuit_breaker": {"executed_lines": [160, 161, 162], "summary": {"covered_lines": 3, "num_statements": 3, "percent_covered": 100.0, "percent_covered_display": "100", "missing_lines": 0, "excluded_lines": 0, "num_branches": 0, "num_partial_branches": 0, "covered_branches": 0, "missing_branches": 0}, "missing_lines": [], "excluded_lines": [], "executed_branches": [], "missing_branches": []}, "ErrorHandler.register_fallback": {"executed_lines": [], "summary": {"covered_lines": 0, "num_statements": 1, "percent_covered": 0.0, "percent_covered_display": "0", "missing_lines": 1, "excluded_lines": 0, "num_branches": 0, "num_partial_branches": 0, "covered_branches": 0, "missing_branches": 0}, "missing_lines": [166], "excluded_lines": [], "executed_branches": [], "missing_branches": []}, "ErrorHandler.handle_error": {"executed_lines": [], "summary": {"covered_lines": 0, "num_statements": 7, "percent_covered": 0.0, "percent_covered_display": "0", "missing_lines": 7, "excluded_lines": 0, "num_branches": 2, "num_partial_branches": 0, "covered_branches": 0, "missing_branches": 2}, "missing_lines": [177, 178, 181, 191, 194, 197, 200], "excluded_lines": [], "executed_branches": [], "missing_branches": [[177, 178], [177, 181]]}, "ErrorHandler._determine_severity": {"executed_lines": [], "summary": {"covered_lines": 0, "num_statements": 7, "percent_covered": 0.0, "percent_covered_display": "0", "missing_lines": 7, "excluded_lines": 0, "num_branches": 6, "num_partial_branches": 0, "covered_branches": 0, "missing_branches": 6}, "missing_lines": [204, 205, 206, 207, 208, 209, 211], "excluded_lines": [], "executed_branches": [], "missing_branches": [[204, 205], [204, 206], [206, 207], [206, 208], [208, 209], [208, 211]]}, "ErrorHandler._log_error": {"executed_lines": [], "summary": {"covered_lines": 0, "num_statements": 8, "percent_covered": 0.0, "percent_covered_display": "0", "missing_lines": 8, "excluded_lines": 0, "num_branches": 6, "num_partial_branches": 0, "covered_branches": 0, "missing_branches": 6}, "missing_lines": [215, 219, 220, 221, 222, 223, 224, 226], "excluded_lines": [], "executed_branches": [], "missing_branches": [[219, 220], [219, 221], [221, 222], [221, 223], [223, 224], [223, 226]]}, "ErrorHandler._execute_recovery": {"executed_lines": [], "summary": {"covered_lines": 0, "num_statements": 9, "percent_covered": 0.0, "percent_covered_display": "0", "missing_lines": 9, "excluded_lines": 0, "num_branches": 8, "num_partial_branches": 0, "covered_branches": 0, "missing_branches": 8}, "missing_lines": [234, 235, 236, 237, 238, 239, 240, 241, 243], "excluded_lines": [], "executed_branches": [], "missing_branches": [[234, 235], [234, 236], [236, 237], [236, 238], [238, 239], [238, 240], [240, 241], [240, 243]]}, "ErrorHandler._retry_recovery": {"executed_lines": [], "summary": {"covered_lines": 0, "num_statements": 3, "percent_covered": 0.0, "percent_covered_display": "0", "missing_lines": 3, "excluded_lines": 0, "num_branches": 2, "num_partial_branches": 0, "covered_branches": 0, "missing_branches": 2}, "missing_lines": [251, 252, 258], "excluded_lines": [], "executed_branches": [], "missing_branches": [[251, 252], [251, 258]]}, "ErrorHandler._fallback_recovery": {"executed_lines": [], "summary": {"covered_lines": 0, "num_statements": 4, "percent_covered": 0.0, "percent_covered_display": "0", "missing_lines": 4, "excluded_lines": 0, "num_branches": 2, "num_partial_branches": 0, "covered_branches": 0, "missing_branches": 2}, "missing_lines": [266, 267, 268, 276], "excluded_lines": [], "executed_branches": [], "missing_branches": [[267, 268], [267, 276]]}, "ErrorHandler._circuit_break_recovery": {"executed_lines": [], "summary": {"covered_lines": 0, "num_statements": 7, "percent_covered": 0.0, "percent_covered_display": "0", "missing_lines": 7, "excluded_lines": 0, "num_branches": 4, "num_partial_branches": 0, "covered_branches": 0, "missing_branches": 4}, "missing_lines": [284, 285, 286, 288, 289, 290, 296], "excluded_lines": [], "executed_branches": [], "missing_branches": [[285, 286], [285, 288], [289, 290], [289, 296]]}, "ErrorHandler._degrade_recovery": {"executed_lines": [], "summary": {"covered_lines": 0, "num_statements": 1, "percent_covered": 0.0, "percent_covered_display": "0", "missing_lines": 1, "excluded_lines": 0, "num_branches": 0, "num_partial_branches": 0, "covered_branches": 0, "missing_branches": 0}, "missing_lines": [304], "excluded_lines": [], "executed_branches": [], "missing_branches": []}, "ErrorHandler.error_context": {"executed_lines": [], "summary": {"covered_lines": 0, "num_statements": 11, "percent_covered": 0.0, "percent_covered_display": "0", "missing_lines": 11, "excluded_lines": 0, "num_branches": 6, "num_partial_branches": 0, "covered_branches": 0, "missing_branches": 6}, "missing_lines": [320, 321, 323, 324, 325, 326, 328, 329, 330, 331, 333], "excluded_lines": [], "executed_branches": [], "missing_branches": [[320, 321], [320, 323], [328, 329], [328, 330], [330, 331], [330, 333]]}, "ErrorHandler.get_error_stats": {"executed_lines": [], "summary": {"covered_lines": 0, "num_statements": 13, "percent_covered": 0.0, "percent_covered_display": "0", "missing_lines": 13, "excluded_lines": 0, "num_branches": 12, "num_partial_branches": 0, "covered_branches": 0, "missing_branches": 12}, "missing_lines": [337, 338, 340, 349, 350, 351, 354, 355, 356, 359, 370, 371, 376], "excluded_lines": [], "executed_branches": [], "missing_branches": [[337, 338], [337, 340], [349, 350], [349, 354], [350, -350], [350, 351], [354, 355], [354, 359], [359, -359], [359, 370], [370, 371], [370, 376]]}, "with_retry": {"executed_lines": [], "summary": {"covered_lines": 0, "num_statements": 4, "percent_covered": 0.0, "percent_covered_display": "0", "missing_lines": 4, "excluded_lines": 0, "num_branches": 4, "num_partial_branches": 0, "covered_branches": 0, "missing_branches": 4}, "missing_lines": [389, 390, 396, 402], "excluded_lines": [], "executed_branches": [], "missing_branches": [[390, 396], [390, 397], [396, 390], [396, 397]]}, "with_retry.decorator": {"executed_lines": [], "summary": {"covered_lines": 0, "num_statements": 2, "percent_covered": 0.0, "percent_covered_display": "0", "missing_lines": 2, "excluded_lines": 0, "num_branches": 2, "num_partial_branches": 0, "covered_branches": 0, "missing_branches": 2}, "missing_lines": [397, 400], "excluded_lines": [], "executed_branches": [], "missing_branches": [[397, 396], [397, 400]]}, "with_retry.decorator.wrapper": {"executed_lines": [], "summary": {"covered_lines": 0, "num_statements": 1, "percent_covered": 0.0, "percent_covered_display": "0", "missing_lines": 1, "excluded_lines": 0, "num_branches": 0, "num_partial_branches": 0, "covered_branches": 0, "missing_branches": 0}, "missing_lines": [398], "excluded_lines": [], "executed_branches": [], "missing_branches": []}, "with_fallback": {"executed_lines": [], "summary": {"covered_lines": 0, "num_statements": 3, "percent_covered": 0.0, "percent_covered_display": "0", "missing_lines": 3, "excluded_lines": 0, "num_branches": 0, "num_partial_branches": 0, "covered_branches": 0, "missing_branches": 0}, "missing_lines": [408, 409, 419], "excluded_lines": [], "executed_branches": [], "missing_branches": []}, "with_fallback.decorator": {"executed_lines": [], "summary": {"covered_lines": 0, "num_statements": 2, "percent_covered": 0.0, "percent_covered_display": "0", "missing_lines": 2, "excluded_lines": 0, "num_branches": 2, "num_partial_branches": 0, "covered_branches": 0, "missing_branches": 2}, "missing_lines": [410, 417], "excluded_lines": [], "executed_branches": [], "missing_branches": [[410, 409], [410, 417]]}, "with_fallback.decorator.wrapper": {"executed_lines": [], "summary": {"covered_lines": 0, "num_statements": 5, "percent_covered": 0.0, "percent_covered_display": "0", "missing_lines": 5, "excluded_lines": 0, "num_branches": 0, "num_partial_branches": 0, "covered_branches": 0, "missing_branches": 0}, "missing_lines": [411, 412, 413, 414, 415], "excluded_lines": [], "executed_branches": [], "missing_branches": []}, "with_circuit_breaker": {"executed_lines": [], "summary": {"covered_lines": 0, "num_statements": 4, "percent_covered": 0.0, "percent_covered_display": "0", "missing_lines": 4, "excluded_lines": 0, "num_branches": 0, "num_partial_branches": 0, "covered_branches": 0, "missing_branches": 0}, "missing_lines": [428, 430, 431, 437], "excluded_lines": [], "executed_branches": [], "missing_branches": []}, "with_circuit_breaker.decorator": {"executed_lines": [], "summary": {"covered_lines": 0, "num_statements": 2, "percent_covered": 0.0, "percent_covered_display": "0", "missing_lines": 2, "excluded_lines": 0, "num_branches": 2, "num_partial_branches": 0, "covered_branches": 0, "missing_branches": 2}, "missing_lines": [432, 435], "excluded_lines": [], "executed_branches": [], "missing_branches": [[432, 431], [432, 435]]}, "with_circuit_breaker.decorator.wrapper": {"executed_lines": [], "summary": {"covered_lines": 0, "num_statements": 1, "percent_covered": 0.0, "percent_covered_display": "0", "missing_lines": 1, "excluded_lines": 0, "num_branches": 0, "num_partial_branches": 0, "covered_branches": 0, "missing_branches": 0}, "missing_lines": [433], "excluded_lines": [], "executed_branches": [], "missing_branches": []}, "with_timeout": {"executed_lines": [], "summary": {"covered_lines": 0, "num_statements": 5, "percent_covered": 0.0, "percent_covered_display": "0", "missing_lines": 5, "excluded_lines": 0, "num_branches": 0, "num_partial_branches": 0, "covered_branches": 0, "missing_branches": 0}, "missing_lines": [442, 444, 447, 448, 464], "excluded_lines": [], "executed_branches": [], "missing_branches": []}, "with_timeout.timeout_handler": {"executed_lines": [], "summary": {"covered_lines": 0, "num_statements": 1, "percent_covered": 0.0, "percent_covered_display": "0", "missing_lines": 1, "excluded_lines": 0, "num_branches": 0, "num_partial_branches": 0, "covered_branches": 0, "missing_branches": 0}, "missing_lines": [445], "excluded_lines": [], "executed_branches": [], "missing_branches": []}, "with_timeout.decorator": {"executed_lines": [], "summary": {"covered_lines": 0, "num_statements": 2, "percent_covered": 0.0, "percent_covered_display": "0", "missing_lines": 2, "excluded_lines": 0, "num_branches": 2, "num_partial_branches": 0, "covered_branches": 0, "missing_branches": 2}, "missing_lines": [449, 462], "excluded_lines": [], "executed_branches": [], "missing_branches": [[449, 448], [449, 462]]}, "with_timeout.decorator.wrapper": {"executed_lines": [], "summary": {"covered_lines": 0, "num_statements": 6, "percent_covered": 0.0, "percent_covered_display": "0", "missing_lines": 6, "excluded_lines": 0, "num_branches": 0, "num_partial_branches": 0, "covered_branches": 0, "missing_branches": 0}, "missing_lines": [451, 452, 454, 455, 458, 460], "excluded_lines": [], "executed_branches": [], "missing_branches": []}, "get_error_handler": {"executed_lines": [474, 475, 476], "summary": {"covered_lines": 3, "num_statements": 3, "percent_covered": 80.0, "percent_covered_display": "80", "missing_lines": 0, "excluded_lines": 0, "num_branches": 2, "num_partial_branches": 1, "covered_branches": 1, "missing_branches": 1}, "missing_lines": [], "excluded_lines": [], "executed_branches": [[474, 475]], "missing_branches": [[474, 476]]}, "RecoverableError.__init__": {"executed_lines": [], "summary": {"covered_lines": 0, "num_statements": 4, "percent_covered": 0.0, "percent_covered_display": "0", "missing_lines": 4, "excluded_lines": 0, "num_branches": 0, "num_partial_branches": 0, "covered_branches": 0, "missing_branches": 0}, "missing_lines": [492, 493, 494, 495], "excluded_lines": [], "executed_branches": [], "missing_branches": []}, "AuthenticationError.__init__": {"executed_lines": [], "summary": {"covered_lines": 0, "num_statements": 1, "percent_covered": 0.0, "percent_covered_display": "0", "missing_lines": 1, "excluded_lines": 0, "num_branches": 0, "num_partial_branches": 0, "covered_branches": 0, "missing_branches": 0}, "missing_lines": [502], "excluded_lines": [], "executed_branches": [], "missing_branches": []}, "RateLimitError.__init__": {"executed_lines": [], "summary": {"covered_lines": 0, "num_statements": 2, "percent_covered": 0.0, "percent_covered_display": "0", "missing_lines": 2, "excluded_lines": 0, "num_branches": 0, "num_partial_branches": 0, "covered_branches": 0, "missing_branches": 0}, "missing_lines": [514, 515], "excluded_lines": [], "executed_branches": [], "missing_branches": []}, "DataValidationError.__init__": {"executed_lines": [], "summary": {"covered_lines": 0, "num_statements": 2, "percent_covered": 0.0, "percent_covered_display": "0", "missing_lines": 2, "excluded_lines": 0, "num_branches": 0, "num_partial_branches": 0, "covered_branches": 0, "missing_branches": 0}, "missing_lines": [527, 528], "excluded_lines": [], "executed_branches": [], "missing_branches": []}, "": {"executed_lines": [1, 8, 9, 10, 11, 12, 13, 14, 15, 16, 18, 28, 31, 32, 34, 35, 36, 37, 40, 41, 43, 44, 45, 46, 47, 50, 51, 52, 54, 55, 56, 57, 58, 59, 60, 61, 62, 65, 66, 67, 69, 70, 71, 72, 73, 74, 77, 78, 80, 95, 111, 117, 123, 138, 139, 141, 153, 164, 168, 202, 213, 228, 249, 264, 282, 302, 312, 313, 335, 382, 405, 422, 440, 468, 471, 482, 483, 485, 498, 499, 501, 510, 511, 513, 523, 524, 526], "summary": {"covered_lines": 76, "num_statements": 76, "percent_covered": 100.0, "percent_covered_display": "100", "missing_lines": 0, "excluded_lines": 0, "num_branches": 6, "num_partial_branches": 0, "covered_branches": 6, "missing_branches": 0}, "missing_lines": [], "excluded_lines": [], "executed_branches": [[50, 51], [50, 52], [65, 66], [65, 67], [313, 312], [313, 313], [313, 335]], "missing_branches": []}}, "classes": {"ErrorSeverity": {"executed_lines": [], "summary": {"covered_lines": 0, "num_statements": 0, "percent_covered": 100.0, "percent_covered_display": "100", "missing_lines": 0, "excluded_lines": 0, "num_branches": 0, "num_partial_branches": 0, "covered_branches": 0, "missing_branches": 0}, "missing_lines": [], "excluded_lines": [], "executed_branches": [], "missing_branches": []}, "RecoveryStrategy": {"executed_lines": [], "summary": {"covered_lines": 0, "num_statements": 0, "percent_covered": 100.0, "percent_covered_display": "100", "missing_lines": 0, "excluded_lines": 0, "num_branches": 0, "num_partial_branches": 0, "covered_branches": 0, "missing_branches": 0}, "missing_lines": [], "excluded_lines": [], "executed_branches": [], "missing_branches": []}, "ErrorContext": {"executed_lines": [], "summary": {"covered_lines": 0, "num_statements": 0, "percent_covered": 100.0, "percent_covered_display": "100", "missing_lines": 0, "excluded_lines": 0, "num_branches": 0, "num_partial_branches": 0, "covered_branches": 0, "missing_branches": 0}, "missing_lines": [], "excluded_lines": [], "executed_branches": [], "missing_branches": []}, "RecoveryResult": {"executed_lines": [], "summary": {"covered_lines": 0, "num_statements": 0, "percent_covered": 100.0, "percent_covered_display": "100", "missing_lines": 0, "excluded_lines": 0, "num_branches": 0, "num_partial_branches": 0, "covered_branches": 0, "missing_branches": 0}, "missing_lines": [], "excluded_lines": [], "executed_branches": [], "missing_branches": []}, "CircuitBreaker": {"executed_lines": [87, 88, 89, 90, 91, 92, 93], "summary": {"covered_lines": 7, "num_statements": 32, "percent_covered": 16.666666666666668, "percent_covered_display": "17", "missing_lines": 25, "excluded_lines": 0, "num_branches": 10, "num_partial_branches": 0, "covered_branches": 0, "missing_branches": 10}, "missing_lines": [97, 98, 99, 101, 103, 104, 105, 106, 107, 108, 109, 113, 114, 115, 119, 120, 121, 125, 126, 128, 129, 130, 133, 134, 135], "excluded_lines": [], "executed_branches": [], "missing_branches": [[97, 98], [97, 103], [98, 99], [98, 101], [113, 114], [113, 115], [128, 129], [128, 133], [133, -123], [133, 134]]}, "ErrorHandler": {"executed_lines": [142, 143, 144, 145, 160, 161, 162], "summary": {"covered_lines": 7, "num_statements": 78, "percent_covered": 5.555555555555555, "percent_covered_display": "6", "missing_lines": 71, "excluded_lines": 0, "num_branches": 48, "num_partial_branches": 0, "covered_branches": 0, "missing_branches": 48}, "missing_lines": [166, 177, 178, 181, 191, 194, 197, 200, 204, 205, 206, 207, 208, 209, 211, 215, 219, 220, 221, 222, 223, 224, 226, 234, 235, 236, 237, 238, 239, 240, 241, 243, 251, 252, 258, 266, 267, 268, 276, 284, 285, 286, 288, 289, 290, 296, 304, 320, 321, 323, 324, 325, 326, 328, 329, 330, 331, 333, 337, 338, 340, 349, 350, 351, 354, 355, 356, 359, 370, 371, 376], "excluded_lines": [], "executed_branches": [], "missing_branches": [[177, 178], [177, 181], [204, 205], [204, 206], [206, 207], [206, 208], [208, 209], [208, 211], [219, 220], [219, 221], [221, 222], [221, 223], [223, 224], [223, 226], [234, 235], [234, 236], [236, 237], [236, 238], [238, 239], [238, 240], [240, 241], [240, 243], [251, 252], [251, 258], [267, 268], [267, 276], [285, 286], [285, 288], [289, 290], [289, 296], [320, 321], [320, 323], [328, 329], [328, 330], [330, 331], [330, 333], [337, 338], [337, 340], [349, 350], [349, 354], [350, -350], [350, 351], [354, 355], [354, 359], [359, -359], [359, 370], [370, 371], [370, 376]]}, "RecoverableError": {"executed_lines": [], "summary": {"covered_lines": 0, "num_statements": 4, "percent_covered": 0.0, "percent_covered_display": "0", "missing_lines": 4, "excluded_lines": 0, "num_branches": 0, "num_partial_branches": 0, "covered_branches": 0, "missing_branches": 0}, "missing_lines": [492, 493, 494, 495], "excluded_lines": [], "executed_branches": [], "missing_branches": []}, "AuthenticationError": {"executed_lines": [], "summary": {"covered_lines": 0, "num_statements": 1, "percent_covered": 0.0, "percent_covered_display": "0", "missing_lines": 1, "excluded_lines": 0, "num_branches": 0, "num_partial_branches": 0, "covered_branches": 0, "missing_branches": 0}, "missing_lines": [502], "excluded_lines": [], "executed_branches": [], "missing_branches": []}, "RateLimitError": {"executed_lines": [], "summary": {"covered_lines": 0, "num_statements": 2, "percent_covered": 0.0, "percent_covered_display": "0", "missing_lines": 2, "excluded_lines": 0, "num_branches": 0, "num_partial_branches": 0, "covered_branches": 0, "missing_branches": 0}, "missing_lines": [514, 515], "excluded_lines": [], "executed_branches": [], "missing_branches": []}, "DataValidationError": {"executed_lines": [], "summary": {"covered_lines": 0, "num_statements": 2, "percent_covered": 0.0, "percent_covered_display": "0", "missing_lines": 2, "excluded_lines": 0, "num_branches": 0, "num_partial_branches": 0, "covered_branches": 0, "missing_branches": 0}, "missing_lines": [527, 528], "excluded_lines": [], "executed_branches": [], "missing_branches": []}, "": {"executed_lines": [1, 8, 9, 10, 11, 12, 13, 14, 15, 16, 18, 28, 31, 32, 34, 35, 36, 37, 40, 41, 43, 44, 45, 46, 47, 50, 51, 52, 54, 55, 56, 57, 58, 59, 60, 61, 62, 65, 66, 67, 69, 70, 71, 72, 73, 74, 77, 78, 80, 95, 111, 117, 123, 138, 139, 141, 153, 164, 168, 202, 213, 228, 249, 264, 282, 302, 312, 313, 335, 382, 405, 422, 440, 468, 471, 474, 475, 476, 482, 483, 485, 498, 499, 501, 510, 511, 513, 523, 524, 526], "summary": {"covered_lines": 79, "num_statements": 117, "percent_covered": 62.77372262773723, "percent_covered_display": "63", "missing_lines": 38, "excluded_lines": 0, "num_branches": 20, "num_partial_branches": 1, "covered_branches": 7, "missing_branches": 13}, "missing_lines": [389, 390, 396, 397, 398, 400, 402, 408, 409, 410, 411, 412, 413, 414, 415, 417, 419, 428, 430, 431, 432, 433, 435, 437, 442, 444, 445, 447, 448, 449, 451, 452, 454, 455, 458, 460, 462, 464], "excluded_lines": [], "executed_branches": [[50, 51], [50, 52], [65, 66], [65, 67], [313, 312], [313, 313], [313, 335], [474, 475]], "missing_branches": [[390, 396], [390, 397], [396, 390], [396, 397], [397, 396], [397, 400], [410, 409], [410, 417], [432, 431], [432, 435], [449, 448], [449, 462], [474, 476]]}}}, "src/ledzephyr/exporters.py": {"executed_lines": [], "summary": {"covered_lines": 0, "num_statements": 252, "percent_covered": 0.0, "percent_covered_display": "0", "missing_lines": 252, "excluded_lines": 0, "num_branches": 86, "num_partial_branches": 0, "covered_branches": 0, "missing_branches": 86}, "missing_lines": [8, 9, 10, 11, 12, 14, 15, 16, 17, 18, 19, 20, 21, 22, 23, 24, 33, 34, 35, 36, 37, 38, 40, 43, 46, 47, 48, 50, 52, 88, 95, 96, 99, 102, 105, 106, 109, 110, 113, 114, 116, 118, 121, 122, 123, 126, 127, 130, 131, 132, 133, 134, 137, 138, 139, 140, 141, 142, 143, 144, 147, 148, 151, 152, 153, 155, 157, 160, 161, 162, 164, 165, 178, 179, 180, 183, 184, 185, 186, 187, 189, 190, 192, 195, 196, 197, 198, 200, 201, 202, 203, 204, 205, 207, 208, 209, 210, 211, 212, 213, 214, 216, 217, 220, 221, 223, 226, 227, 228, 231, 232, 233, 236, 237, 238, 239, 242, 245, 249, 250, 251, 252, 255, 257, 261, 264, 265, 266, 277, 280, 281, 282, 285, 286, 287, 290, 291, 292, 295, 298, 299, 300, 302, 304, 314, 324, 331, 332, 342, 345, 346, 347, 352, 355, 356, 357, 360, 361, 362, 363, 366, 367, 370, 371, 372, 375, 376, 377, 378, 379, 382, 383, 385, 387, 389, 390, 400, 401, 416, 418, 420, 432, 433, 448, 450, 452, 454, 455, 465, 466, 481, 483, 485, 486, 488, 491, 492, 493, 494, 495, 497, 498, 499, 500, 501, 503, 504, 507, 510, 511, 513, 515, 630, 632, 638, 641, 649, 650, 653, 656, 657, 660, 663, 664, 665, 666, 668, 687, 689, 690, 691, 692, 693, 694, 695, 696, 697, 698, 700, 702, 705, 706, 707, 717, 719, 720, 721, 723, 725, 730, 731, 733], "excluded_lines": [], "executed_branches": [], "missing_branches": [[105, 106], [105, 109], [109, 110], [109, 113], [131, 132], [131, 137], [133, 131], [133, 134], [138, 139], [138, 151], [151, -116], [151, 152], [152, -152], [152, 153], [178, 179], [178, 195], [183, 184], [183, 189], [184, 185], [184, 192], [186, 184], [186, 187], [189, 190], [189, 192], [195, 196], [195, 220], [202, 203], [202, 207], [204, 202], [204, 205], [208, 209], [208, 220], [220, -155], [220, 221], [227, 228], [227, 231], [231, 232], [231, 236], [232, 231], [232, 233], [265, 266], [265, 277], [280, 281], [280, 290], [281, 280], [281, 282], [285, 281], [285, 286], [286, 281], [286, 287], [290, -257], [290, 291], [291, -291], [291, 292], [360, 361], [360, 382], [370, 371], [370, 375], [375, 360], [375, 376], [378, 360], [378, 379], [389, 390], [389, 400], [454, 455], [454, 465], [485, 486], [485, 488], [641, -641], [641, 649], [689, 690], [689, 691], [691, 692], [691, 693], [693, 694], [693, 695], [695, 696], [695, 697], [697, 698], [697, 700], [706, 707], [706, 719], [725, -725], [725, 730], [730, 731], [730, 733]], "functions": {"ExcelExporter.__init__": {"executed_lines": [], "summary": {"covered_lines": 0, "num_statements": 2, "percent_covered": 0.0, "percent_covered_display": "0", "missing_lines": 2, "excluded_lines": 0, "num_branches": 0, "num_partial_branches": 0, "covered_branches": 0, "missing_branches": 0}, "missing_lines": [47, 48], "excluded_lines": [], "executed_branches": [], "missing_branches": []}, "ExcelExporter._create_styles": {"executed_lines": [], "summary": {"covered_lines": 0, "num_statements": 1, "percent_covered": 0.0, "percent_covered_display": "0", "missing_lines": 1, "excluded_lines": 0, "num_branches": 0, "num_partial_branches": 0, "covered_branches": 0, "missing_branches": 0}, "missing_lines": [52], "excluded_lines": [], "executed_branches": [], "missing_branches": []}, "ExcelExporter.export_metrics": {"executed_lines": [], "summary": {"covered_lines": 0, "num_statements": 10, "percent_covered": 0.0, "percent_covered_display": "0", "missing_lines": 10, "excluded_lines": 0, "num_branches": 4, "num_partial_branches": 0, "covered_branches": 0, "missing_branches": 4}, "missing_lines": [95, 96, 99, 102, 105, 106, 109, 110, 113, 114], "excluded_lines": [], "executed_branches": [], "missing_branches": [[105, 106], [105, 109], [109, 110], [109, 113]]}, "ExcelExporter._create_summary_sheet": {"executed_lines": [], "summary": {"covered_lines": 0, "num_statements": 24, "percent_covered": 0.0, "percent_covered_display": "0", "missing_lines": 24, "excluded_lines": 0, "num_branches": 10, "num_partial_branches": 0, "covered_branches": 0, "missing_branches": 10}, "missing_lines": [118, 121, 122, 123, 126, 127, 130, 131, 132, 133, 134, 137, 138, 139, 140, 141, 142, 143, 144, 147, 148, 151, 152, 153], "excluded_lines": [], "executed_branches": [], "missing_branches": [[131, 132], [131, 137], [133, 131], [133, 134], [138, 139], [138, 151], [151, -116], [151, 152], [152, -152], [152, 153]]}, "ExcelExporter._create_metrics_sheet": {"executed_lines": [], "summary": {"covered_lines": 0, "num_statements": 39, "percent_covered": 0.0, "percent_covered_display": "0", "missing_lines": 39, "excluded_lines": 0, "num_branches": 20, "num_partial_branches": 0, "covered_branches": 0, "missing_branches": 20}, "missing_lines": [157, 160, 161, 162, 164, 165, 178, 179, 180, 183, 184, 185, 186, 187, 189, 190, 192, 195, 196, 197, 198, 200, 201, 202, 203, 204, 205, 207, 208, 209, 210, 211, 212, 213, 214, 216, 217, 220, 221], "excluded_lines": [], "executed_branches": [], "missing_branches": [[178, 179], [178, 195], [183, 184], [183, 189], [184, 185], [184, 192], [186, 184], [186, 187], [189, 190], [189, 192], [195, 196], [195, 220], [202, 203], [202, 207], [204, 202], [204, 205], [208, 209], [208, 220], [220, -155], [220, 221]]}, "ExcelExporter._add_team_chart": {"executed_lines": [], "summary": {"covered_lines": 0, "num_statements": 17, "percent_covered": 0.0, "percent_covered_display": "0", "missing_lines": 17, "excluded_lines": 0, "num_branches": 6, "num_partial_branches": 0, "covered_branches": 0, "missing_branches": 6}, "missing_lines": [226, 227, 228, 231, 232, 233, 236, 237, 238, 239, 242, 245, 249, 250, 251, 252, 255], "excluded_lines": [], "executed_branches": [], "missing_branches": [[227, 228], [227, 231], [231, 232], [231, 236], [232, 231], [232, 233]]}, "ExcelExporter._create_comparison_sheet": {"executed_lines": [], "summary": {"covered_lines": 0, "num_statements": 14, "percent_covered": 0.0, "percent_covered_display": "0", "missing_lines": 14, "excluded_lines": 0, "num_branches": 14, "num_partial_branches": 0, "covered_branches": 0, "missing_branches": 14}, "missing_lines": [261, 264, 265, 266, 277, 280, 281, 282, 285, 286, 287, 290, 291, 292], "excluded_lines": [], "executed_branches": [], "missing_branches": [[265, 266], [265, 277], [280, 281], [280, 290], [281, 280], [281, 282], [285, 281], [285, 286], [286, 281], [286, 287], [290, -257], [290, 291], [291, -291], [291, 292]]}, "PDFExporter.__init__": {"executed_lines": [], "summary": {"covered_lines": 0, "num_statements": 2, "percent_covered": 0.0, "percent_covered_display": "0", "missing_lines": 2, "excluded_lines": 0, "num_branches": 0, "num_partial_branches": 0, "covered_branches": 0, "missing_branches": 0}, "missing_lines": [299, 300], "excluded_lines": [], "executed_branches": [], "missing_branches": []}, "PDFExporter._add_custom_styles": {"executed_lines": [], "summary": {"covered_lines": 0, "num_statements": 2, "percent_covered": 0.0, "percent_covered_display": "0", "missing_lines": 2, "excluded_lines": 0, "num_branches": 0, "num_partial_branches": 0, "covered_branches": 0, "missing_branches": 0}, "missing_lines": [304, 314], "excluded_lines": [], "executed_branches": [], "missing_branches": []}, "PDFExporter.export_metrics": {"executed_lines": [], "summary": {"covered_lines": 0, "num_statements": 26, "percent_covered": 0.0, "percent_covered_display": "0", "missing_lines": 26, "excluded_lines": 0, "num_branches": 8, "num_partial_branches": 0, "covered_branches": 0, "missing_branches": 8}, "missing_lines": [331, 332, 342, 345, 346, 347, 352, 355, 356, 357, 360, 361, 362, 363, 366, 367, 370, 371, 372, 375, 376, 377, 378, 379, 382, 383], "excluded_lines": [], "executed_branches": [], "missing_branches": [[360, 361], [360, 382], [370, 371], [370, 375], [375, 360], [375, 376], [378, 360], [378, 379]]}, "PDFExporter._create_summary_table": {"executed_lines": [], "summary": {"covered_lines": 0, "num_statements": 6, "percent_covered": 0.0, "percent_covered_display": "0", "missing_lines": 6, "excluded_lines": 0, "num_branches": 2, "num_partial_branches": 0, "covered_branches": 0, "missing_branches": 2}, "missing_lines": [387, 389, 390, 400, 401, 416], "excluded_lines": [], "executed_branches": [], "missing_branches": [[389, 390], [389, 400]]}, "PDFExporter._create_metrics_table": {"executed_lines": [], "summary": {"covered_lines": 0, "num_statements": 4, "percent_covered": 0.0, "percent_covered_display": "0", "missing_lines": 4, "excluded_lines": 0, "num_branches": 0, "num_partial_branches": 0, "covered_branches": 0, "missing_branches": 0}, "missing_lines": [420, 432, 433, 448], "excluded_lines": [], "executed_branches": [], "missing_branches": []}, "PDFExporter._create_team_table": {"executed_lines": [], "summary": {"covered_lines": 0, "num_statements": 6, "percent_covered": 0.0, "percent_covered_display": "0", "missing_lines": 6, "excluded_lines": 0, "num_branches": 2, "num_partial_branches": 0, "covered_branches": 0, "missing_branches": 2}, "missing_lines": [452, 454, 455, 465, 466, 481], "excluded_lines": [], "executed_branches": [], "missing_branches": [[454, 455], [454, 465]]}, "PDFExporter._create_chart": {"executed_lines": [], "summary": {"covered_lines": 0, "num_statements": 15, "percent_covered": 0.0, "percent_covered_display": "0", "missing_lines": 15, "excluded_lines": 0, "num_branches": 2, "num_partial_branches": 0, "covered_branches": 0, "missing_branches": 2}, "missing_lines": [485, 486, 488, 491, 492, 493, 494, 495, 497, 498, 499, 500, 501, 503, 504], "excluded_lines": [], "executed_branches": [], "missing_branches": [[485, 486], [485, 488]]}, "HTMLExporter.__init__": {"executed_lines": [], "summary": {"covered_lines": 0, "num_statements": 1, "percent_covered": 0.0, "percent_covered_display": "0", "missing_lines": 1, "excluded_lines": 0, "num_branches": 0, "num_partial_branches": 0, "covered_branches": 0, "missing_branches": 0}, "missing_lines": [511], "excluded_lines": [], "executed_branches": [], "missing_branches": []}, "HTMLExporter._load_template": {"executed_lines": [], "summary": {"covered_lines": 0, "num_statements": 2, "percent_covered": 0.0, "percent_covered_display": "0", "missing_lines": 2, "excluded_lines": 0, "num_branches": 0, "num_partial_branches": 0, "covered_branches": 0, "missing_branches": 0}, "missing_lines": [515, 630], "excluded_lines": [], "executed_branches": [], "missing_branches": []}, "HTMLExporter.export_metrics": {"executed_lines": [], "summary": {"covered_lines": 0, "num_statements": 6, "percent_covered": 0.0, "percent_covered_display": "0", "missing_lines": 6, "excluded_lines": 0, "num_branches": 2, "num_partial_branches": 0, "covered_branches": 0, "missing_branches": 2}, "missing_lines": [638, 641, 649, 653, 656, 657], "excluded_lines": [], "executed_branches": [], "missing_branches": [[641, -641], [641, 649]]}, "HTMLExporter.export_metrics.percentage_filter": {"executed_lines": [], "summary": {"covered_lines": 0, "num_statements": 1, "percent_covered": 0.0, "percent_covered_display": "0", "missing_lines": 1, "excluded_lines": 0, "num_branches": 0, "num_partial_branches": 0, "covered_branches": 0, "missing_branches": 0}, "missing_lines": [650], "excluded_lines": [], "executed_branches": [], "missing_branches": []}, "DataExporter.__init__": {"executed_lines": [], "summary": {"covered_lines": 0, "num_statements": 3, "percent_covered": 0.0, "percent_covered_display": "0", "missing_lines": 3, "excluded_lines": 0, "num_branches": 0, "num_partial_branches": 0, "covered_branches": 0, "missing_branches": 0}, "missing_lines": [664, 665, 666], "excluded_lines": [], "executed_branches": [], "missing_branches": []}, "DataExporter.export": {"executed_lines": [], "summary": {"covered_lines": 0, "num_statements": 12, "percent_covered": 0.0, "percent_covered_display": "0", "missing_lines": 12, "excluded_lines": 0, "num_branches": 10, "num_partial_branches": 0, "covered_branches": 0, "missing_branches": 10}, "missing_lines": [687, 689, 690, 691, 692, 693, 694, 695, 696, 697, 698, 700], "excluded_lines": [], "executed_branches": [], "missing_branches": [[689, 690], [689, 691], [691, 692], [691, 693], [693, 694], [693, 695], [695, 696], [695, 697], [697, 698], [697, 700]]}, "DataExporter._export_csv": {"executed_lines": [], "summary": {"covered_lines": 0, "num_statements": 7, "percent_covered": 0.0, "percent_covered_display": "0", "missing_lines": 7, "excluded_lines": 0, "num_branches": 2, "num_partial_branches": 0, "covered_branches": 0, "missing_branches": 2}, "missing_lines": [705, 706, 707, 717, 719, 720, 721], "excluded_lines": [], "executed_branches": [], "missing_branches": [[706, 707], [706, 719]]}, "DataExporter._export_json": {"executed_lines": [], "summary": {"covered_lines": 0, "num_statements": 4, "percent_covered": 0.0, "percent_covered_display": "0", "missing_lines": 4, "excluded_lines": 0, "num_branches": 4, "num_partial_branches": 0, "covered_branches": 0, "missing_branches": 4}, "missing_lines": [725, 730, 731, 733], "excluded_lines": [], "executed_branches": [], "missing_branches": [[725, -725], [725, 730], [730, 731], [730, 733]]}, "": {"executed_lines": [], "summary": {"covered_lines": 0, "num_statements": 48, "percent_covered": 0.0, "percent_covered_display": "0", "missing_lines": 48, "excluded_lines": 0, "num_branches": 0, "num_partial_branches": 0, "covered_branches": 0, "missing_branches": 0}, "missing_lines": [8, 9, 10, 11, 12, 14, 15, 16, 17, 18, 19, 20, 21, 22, 23, 24, 33, 34, 35, 36, 37, 38, 40, 43, 46, 50, 88, 116, 155, 223, 257, 295, 298, 302, 324, 385, 418, 450, 483, 507, 510, 513, 632, 660, 663, 668, 702, 723], "excluded_lines": [], "executed_branches": [], "missing_branches": []}}, "classes": {"ExcelExporter": {"executed_lines": [], "summary": {"covered_lines": 0, "num_statements": 107, "percent_covered": 0.0, "percent_covered_display": "0", "missing_lines": 107, "excluded_lines": 0, "num_branches": 54, "num_partial_branches": 0, "covered_branches": 0, "missing_branches": 54}, "missing_lines": [47, 48, 52, 95, 96, 99, 102, 105, 106, 109, 110, 113, 114, 118, 121, 122, 123, 126, 127, 130, 131, 132, 133, 134, 137, 138, 139, 140, 141, 142, 143, 144, 147, 148, 151, 152, 153, 157, 160, 161, 162, 164, 165, 178, 179, 180, 183, 184, 185, 186, 187, 189, 190, 192, 195, 196, 197, 198, 200, 201, 202, 203, 204, 205, 207, 208, 209, 210, 211, 212, 213, 214, 216, 217, 220, 221, 226, 227, 228, 231, 232, 233, 236, 237, 238, 239, 242, 245, 249, 250, 251, 252, 255, 261, 264, 265, 266, 277, 280, 281, 282, 285, 286, 287, 290, 291, 292], "excluded_lines": [], "executed_branches": [], "missing_branches": [[105, 106], [105, 109], [109, 110], [109, 113], [131, 132], [131, 137], [133, 131], [133, 134], [138, 139], [138, 151], [151, -116], [151, 152], [152, -152], [152, 153], [178, 179], [178, 195], [183, 184], [183, 189], [184, 185], [184, 192], [186, 184], [186, 187], [189, 190], [189, 192], [195, 196], [195, 220], [202, 203], [202, 207], [204, 202], [204, 205], [208, 209], [208, 220], [220, -155], [220, 221], [227, 228], [227, 231], [231, 232], [231, 236], [232, 231], [232, 233], [265, 266], [265, 277], [280, 281], [280, 290], [281, 280], [281, 282], [285, 281], [285, 286], [286, 281], [286, 287], [290, -257], [290, 291], [291, -291], [291, 292]]}, "PDFExporter": {"executed_lines": [], "summary": {"covered_lines": 0, "num_statements": 61, "percent_covered": 0.0, "percent_covered_display": "0", "missing_lines": 61, "excluded_lines": 0, "num_branches": 14, "num_partial_branches": 0, "covered_branches": 0, "missing_branches": 14}, "missing_lines": [299, 300, 304, 314, 331, 332, 342, 345, 346, 347, 352, 355, 356, 357, 360, 361, 362, 363, 366, 367, 370, 371, 372, 375, 376, 377, 378, 379, 382, 383, 387, 389, 390, 400, 401, 416, 420, 432, 433, 448, 452, 454, 455, 465, 466, 481, 485, 486, 488, 491, 492, 493, 494, 495, 497, 498, 499, 500, 501, 503, 504], "excluded_lines": [], "executed_branches": [], "missing_branches": [[360, 361], [360, 382], [370, 371], [370, 375], [375, 360], [375, 376], [378, 360], [378, 379], [389, 390], [389, 400], [454, 455], [454, 465], [485, 486], [485, 488]]}, "HTMLExporter": {"executed_lines": [], "summary": {"covered_lines": 0, "num_statements": 10, "percent_covered": 0.0, "percent_covered_display": "0", "missing_lines": 10, "excluded_lines": 0, "num_branches": 2, "num_partial_branches": 0, "covered_branches": 0, "missing_branches": 2}, "missing_lines": [511, 515, 630, 638, 641, 649, 650, 653, 656, 657], "excluded_lines": [], "executed_branches": [], "missing_branches": [[641, -641], [641, 649]]}, "DataExporter": {"executed_lines": [], "summary": {"covered_lines": 0, "num_statements": 26, "percent_covered": 0.0, "percent_covered_display": "0", "missing_lines": 26, "excluded_lines": 0, "num_branches": 16, "num_partial_branches": 0, "covered_branches": 0, "missing_branches": 16}, "missing_lines": [664, 665, 666, 687, 689, 690, 691, 692, 693, 694, 695, 696, 697, 698, 700, 705, 706, 707, 717, 719, 720, 721, 725, 730, 731, 733], "excluded_lines": [], "executed_branches": [], "missing_branches": [[689, 690], [689, 691], [691, 692], [691, 693], [693, 694], [693, 695], [695, 696], [695, 697], [697, 698], [697, 700], [706, 707], [706, 719], [725, -725], [725, 730], [730, 731], [730, 733]]}, "": {"executed_lines": [], "summary": {"covered_lines": 0, "num_statements": 48, "percent_covered": 0.0, "percent_covered_display": "0", "missing_lines": 48, "excluded_lines": 0, "num_branches": 0, "num_partial_branches": 0, "covered_branches": 0, "missing_branches": 0}, "missing_lines": [8, 9, 10, 11, 12, 14, 15, 16, 17, 18, 19, 20, 21, 22, 23, 24, 33, 34, 35, 36, 37, 38, 40, 43, 46, 50, 88, 116, 155, 223, 257, 295, 298, 302, 324, 385, 418, 450, 483, 507, 510, 513, 632, 660, 663, 668, 702, 723], "excluded_lines": [], "executed_branches": [], "missing_branches": []}}}, "src/ledzephyr/metrics.py": {"executed_lines": [1, 3, 4, 6, 7, 9, 12, 13, 15, 16, 18, 22, 25, 26, 29, 32, 33, 36, 39, 40, 42, 43, 46, 47, 50, 51, 52, 54, 55, 56, 57, 60, 65, 67, 81, 83, 85, 86, 89, 90, 91, 103, 107, 108, 110, 118, 119, 121, 125, 126, 129, 130, 132, 133, 136, 137, 141, 143, 146, 147, 149, 151, 153, 155, 156, 158, 160, 168, 171, 172, 173, 174, 176, 177, 178, 181, 182, 183, 184, 186, 187, 189, 201, 203, 205, 206, 216, 220, 227, 228, 229, 231, 233, 234, 236, 237, 239, 240, 241, 242, 244, 251, 257, 258, 261, 264, 268], "summary": {"covered_lines": 105, "num_statements": 128, "percent_covered": 79.12087912087912, "percent_covered_display": "79", "missing_lines": 23, "excluded_lines": 0, "num_branches": 54, "num_partial_branches": 9, "covered_branches": 39, "missing_branches": 15}, "missing_lines": [87, 88, 92, 93, 94, 97, 98, 99, 100, 101, 111, 112, 115, 116, 139, 144, 207, 209, 210, 212, 214, 253, 254], "excluded_lines": [], "executed_branches": [[39, -39], [39, 39], [39, 40], [40, -40], [40, 40], [40, 42], [86, 89], [89, 90], [107, -103], [107, 108], [110, 118], [125, 126], [125, 129], [129, -129], [129, 129], [129, 130], [130, -130], [130, 130], [130, 132], [136, 137], [143, 146], [146, -146], [146, 146], [146, 147], [153, 155], [153, 158], [155, 153], [155, 156], [171, 172], [171, 181], [173, 174], [173, 176], [176, 177], [182, 183], [182, 201], [183, -183], [183, 183], [183, 184], [184, -184], [184, 184], [184, 186], [205, 206], [227, 228], [227, 257], [239, 240], [257, 258]], "missing_branches": [[86, 87], [89, 92], [92, 93], [92, 97], [110, 111], [136, 139], [143, 144], [176, 178], [205, 207], [207, 209], [207, 210], [210, 212], [210, 214], [239, 227], [257, 268]], "functions": {"MetricsCalculator.__init__": {"executed_lines": [16], "summary": {"covered_lines": 1, "num_statements": 1, "percent_covered": 100.0, "percent_covered_display": "100", "missing_lines": 0, "excluded_lines": 0, "num_branches": 0, "num_partial_branches": 0, "covered_branches": 0, "missing_branches": 0}, "missing_lines": [], "excluded_lines": [], "executed_branches": [], "missing_branches": []}, "MetricsCalculator.calculate_metrics": {"executed_lines": [22, 25, 26, 29, 32, 33, 36, 39, 40, 42, 43, 46, 47, 50, 51, 52, 54, 55, 56, 57, 60, 65, 67], "summary": {"covered_lines": 23, "num_statements": 23, "percent_covered": 100.0, "percent_covered_display": "100", "missing_lines": 0, "excluded_lines": 0, "num_branches": 4, "num_partial_branches": 0, "covered_branches": 4, "missing_branches": 0}, "missing_lines": [], "excluded_lines": [], "executed_branches": [[39, -39], [39, 39], [39, 40], [40, -40], [40, 40], [40, 42]], "missing_branches": []}, "MetricsCalculator._parse_time_window": {"executed_lines": [83, 85, 86, 89, 90, 91], "summary": {"covered_lines": 6, "num_statements": 16, "percent_covered": 36.36363636363637, "percent_covered_display": "36", "missing_lines": 10, "excluded_lines": 0, "num_branches": 6, "num_partial_branches": 2, "covered_branches": 2, "missing_branches": 4}, "missing_lines": [87, 88, 92, 93, 94, 97, 98, 99, 100, 101], "excluded_lines": [], "executed_branches": [[86, 89], [89, 90]], "missing_branches": [[86, 87], [89, 92], [92, 93], [92, 97]]}, "MetricsCalculator._update_tests_with_executions": {"executed_lines": [107, 108, 110, 118, 119], "summary": {"covered_lines": 5, "num_statements": 9, "percent_covered": 61.53846153846154, "percent_covered_display": "62", "missing_lines": 4, "excluded_lines": 0, "num_branches": 4, "num_partial_branches": 1, "covered_branches": 3, "missing_branches": 1}, "missing_lines": [111, 112, 115, 116], "excluded_lines": [], "executed_branches": [[107, -103], [107, 108], [110, 118]], "missing_branches": [[110, 111]]}, "MetricsCalculator._calculate_coverage_parity": {"executed_lines": [125, 126, 129, 130, 132, 133, 136, 137], "summary": {"covered_lines": 8, "num_statements": 9, "percent_covered": 88.23529411764706, "percent_covered_display": "88", "missing_lines": 1, "excluded_lines": 0, "num_branches": 8, "num_partial_branches": 1, "covered_branches": 7, "missing_branches": 1}, "missing_lines": [139], "excluded_lines": [], "executed_branches": [[125, 126], [125, 129], [129, -129], [129, 129], [129, 130], [130, -130], [130, 130], [130, 132], [136, 137]], "missing_branches": [[136, 139]]}, "MetricsCalculator._calculate_defect_link_rate": {"executed_lines": [143, 146, 147], "summary": {"covered_lines": 3, "num_statements": 4, "percent_covered": 75.0, "percent_covered_display": "75", "missing_lines": 1, "excluded_lines": 0, "num_branches": 4, "num_partial_branches": 1, "covered_branches": 3, "missing_branches": 1}, "missing_lines": [144], "excluded_lines": [], "executed_branches": [[143, 146], [146, -146], [146, 146], [146, 147]], "missing_branches": [[143, 144]]}, "MetricsCalculator._count_active_users": {"executed_lines": [151, 153, 155, 156, 158], "summary": {"covered_lines": 5, "num_statements": 5, "percent_covered": 100.0, "percent_covered_display": "100", "missing_lines": 0, "excluded_lines": 0, "num_branches": 4, "num_partial_branches": 0, "covered_branches": 4, "missing_branches": 0}, "missing_lines": [], "excluded_lines": [], "executed_branches": [[153, 155], [153, 158], [155, 153], [155, 156]], "missing_branches": []}, "MetricsCalculator._calculate_team_metrics": {"executed_lines": [168, 171, 172, 173, 174, 176, 177, 178, 181, 182, 183, 184, 186, 187, 189, 201], "summary": {"covered_lines": 16, "num_statements": 16, "percent_covered": 96.42857142857143, "percent_covered_display": "96", "missing_lines": 0, "excluded_lines": 0, "num_branches": 12, "num_partial_branches": 1, "covered_branches": 11, "missing_branches": 1}, "missing_lines": [], "excluded_lines": [], "executed_branches": [[171, 172], [171, 181], [173, 174], [173, 176], [176, 177], [182, 183], [182, 201], [183, -183], [183, 183], [183, 184], [184, -184], [184, 184], [184, 186]], "missing_branches": [[176, 178]]}, "MetricsCalculator._get_team_name": {"executed_lines": [205, 206], "summary": {"covered_lines": 2, "num_statements": 7, "percent_covered": 23.076923076923077, "percent_covered_display": "23", "missing_lines": 5, "excluded_lines": 0, "num_branches": 6, "num_partial_branches": 1, "covered_branches": 1, "missing_branches": 5}, "missing_lines": [207, 209, 210, 212, 214], "excluded_lines": [], "executed_branches": [[205, 206]], "missing_branches": [[205, 207], [207, 209], [207, 210], [210, 212], [210, 214]]}, "MetricsCalculator._calculate_trend_data": {"execute
[...]
lidator.validate_project_key": {"executed_lines": [], "summary": {"covered_lines": 0, "num_statements": 5, "percent_covered": 0.0, "percent_covered_display": "0", "missing_lines": 5, "excluded_lines": 0, "num_branches": 4, "num_partial_branches": 0, "covered_branches": 0, "missing_branches": 4}, "missing_lines": [52, 53, 54, 55, 56], "excluded_lines": [], "executed_branches": [], "missing_branches": [[52, 53], [52, 54], [54, 55], [54, 56]]}, "TimeWindowValidator.validate_time_window": {"executed_lines": [], "summary": {"covered_lines": 0, "num_statements": 16, "percent_covered": 0.0, "percent_covered_display": "0", "missing_lines": 16, "excluded_lines": 0, "num_branches": 10, "num_partial_branches": 0, "covered_branches": 0, "missing_branches": 10}, "missing_lines": [67, 68, 70, 71, 73, 74, 75, 78, 79, 80, 81, 82, 83, 84, 85, 87], "excluded_lines": [], "executed_branches": [], "missing_branches": [[70, 71], [70, 73], [78, 79], [78, 80], [80, 81], [80, 82], [82, 83], [82, 84], [84, 85], [84, 87]]}, "TimeWindowValidator.to_timedelta": {"executed_lines": [], "summary": {"covered_lines": 0, "num_statements": 11, "percent_covered": 0.0, "percent_covered_display": "0", "missing_lines": 11, "excluded_lines": 0, "num_branches": 8, "num_partial_branches": 0, "covered_branches": 0, "missing_branches": 8}, "missing_lines": [91, 92, 93, 95, 96, 97, 98, 99, 100, 101, 102], "excluded_lines": [], "executed_branches": [], "missing_branches": [[95, 96], [95, 97], [97, 98], [97, 99], [99, 100], [99, 101], [101, -89], [101, 102]]}, "EmailValidator.validate_email_domain": {"executed_lines": [], "summary": {"covered_lines": 0, "num_statements": 5, "percent_covered": 0.0, "percent_covered_display": "0", "missing_lines": 5, "excluded_lines": 0, "num_branches": 2, "num_partial_branches": 0, "covered_branches": 0, "missing_branches": 2}, "missing_lines": [113, 116, 123, 124, 127], "excluded_lines": [], "executed_branches": [], "missing_branches": [[123, 124], [123, 127]]}, "URLValidator.validate_url": {"executed_lines": [], "summary": {"covered_lines": 0, "num_statements": 9, "percent_covered": 0.0, "percent_covered_display": "0", "missing_lines": 9, "excluded_lines": 0, "num_branches": 6, "num_partial_branches": 0, "covered_branches": 0, "missing_branches": 6}, "missing_lines": [139, 149, 150, 153, 156, 157, 160, 161, 163], "excluded_lines": [], "executed_branches": [], "missing_branches": [[149, 150], [149, 153], [156, 157], [156, 160], [160, 161], [160, 163]]}, "APITokenValidator.validate_token": {"executed_lines": [], "summary": {"covered_lines": 0, "num_statements": 9, "percent_covered": 0.0, "percent_covered_display": "0", "missing_lines": 9, "excluded_lines": 0, "num_branches": 8, "num_partial_branches": 0, "covered_branches": 0, "missing_branches": 8}, "missing_lines": [175, 176, 177, 178, 181, 182, 185, 186, 188], "excluded_lines": [], "executed_branches": [], "missing_branches": [[176, 177], [176, 181], [177, 176], [177, 178], [181, 182], [181, 185], [185, 186], [185, 188]]}, "TestCaseValidator.sanitize_summary": {"executed_lines": [], "summary": {"covered_lines": 0, "num_statements": 4, "percent_covered": 0.0, "percent_covered_display": "0", "missing_lines": 4, "excluded_lines": 0, "num_branches": 0, "num_partial_branches": 0, "covered_branches": 0, "missing_branches": 0}, "missing_lines": [204, 206, 208, 209], "excluded_lines": [], "executed_branches": [], "missing_branches": []}, "TestCaseValidator.validate_status": {"executed_lines": [], "summary": {"covered_lines": 0, "num_statements": 5, "percent_covered": 0.0, "percent_covered_display": "0", "missing_lines": 5, "excluded_lines": 0, "num_branches": 4, "num_partial_branches": 0, "covered_branches": 0, "missing_branches": 4}, "missing_lines": [214, 215, 225, 226, 227], "excluded_lines": [], "executed_branches": [], "missing_branches": [[214, 215], [214, 227], [225, 226], [225, 227]]}, "TestCaseValidator.sanitize_labels": {"executed_lines": [], "summary": {"covered_lines": 0, "num_statements": 7, "percent_covered": 0.0, "percent_covered_display": "0", "missing_lines": 7, "excluded_lines": 0, "num_branches": 4, "num_partial_branches": 0, "covered_branches": 0, "missing_branches": 4}, "missing_lines": [232, 233, 235, 237, 238, 239, 240], "excluded_lines": [], "executed_branches": [], "missing_branches": [[233, 235], [233, 240], [238, 233], [238, 239]]}, "MetricsRequestValidator.validate_time_windows": {"executed_lines": [], "summary": {"covered_lines": 0, "num_statements": 8, "percent_covered": 0.0, "percent_covered_display": "0", "missing_lines": 8, "excluded_lines": 0, "num_branches": 2, "num_partial_branches": 0, "covered_branches": 0, "missing_branches": 2}, "missing_lines": [258, 259, 260, 261, 262, 263, 264, 265], "excluded_lines": [], "executed_branches": [], "missing_branches": [[259, 260], [259, 265]]}, "MetricsRequestValidator.validate_team_source": {"executed_lines": [], "summary": {"covered_lines": 0, "num_statements": 4, "percent_covered": 0.0, "percent_covered_display": "0", "missing_lines": 4, "excluded_lines": 0, "num_branches": 2, "num_partial_branches": 0, "covered_branches": 0, "missing_branches": 2}, "missing_lines": [270, 271, 272, 273], "excluded_lines": [], "executed_branches": [], "missing_branches": [[271, 272], [271, 273]]}, "DataSanitizer.sanitize_string": {"executed_lines": [], "summary": {"covered_lines": 0, "num_statements": 10, "percent_covered": 0.0, "percent_covered_display": "0", "missing_lines": 10, "excluded_lines": 0, "num_branches": 4, "num_partial_branches": 0, "covered_branches": 0, "missing_branches": 4}, "missing_lines": [282, 283, 286, 289, 292, 293, 296, 297, 300, 302], "excluded_lines": [], "executed_branches": [], "missing_branches": [[282, 283], [282, 286], [292, 293], [292, 296]]}, "DataSanitizer._sanitize_html": {"executed_lines": [], "summary": {"covered_lines": 0, "num_statements": 2, "percent_covered": 0.0, "percent_covered_display": "0", "missing_lines": 2, "excluded_lines": 0, "num_branches": 0, "num_partial_branches": 0, "covered_branches": 0, "missing_branches": 0}, "missing_lines": [308, 309], "excluded_lines": [], "executed_branches": [], "missing_branches": []}, "DataSanitizer.sanitize_filename": {"executed_lines": [], "summary": {"covered_lines": 0, "num_statements": 9, "percent_covered": 0.0, "percent_covered_display": "0", "missing_lines": 9, "excluded_lines": 0, "num_branches": 4, "num_partial_branches": 0, "covered_branches": 0, "missing_branches": 4}, "missing_lines": [315, 318, 321, 322, 323, 325, 328, 329, 331], "excluded_lines": [], "executed_branches": [], "missing_branches": [[322, 323], [322, 325], [328, 329], [328, 331]]}, "DataSanitizer.sanitize_sql_identifier": {"executed_lines": [], "summary": {"covered_lines": 0, "num_statements": 1, "percent_covered": 0.0, "percent_covered_display": "0", "missing_lines": 1, "excluded_lines": 0, "num_branches": 0, "num_partial_branches": 0, "covered_branches": 0, "missing_branches": 0}, "missing_lines": [337], "excluded_lines": [], "executed_branches": [], "missing_branches": []}, "DataSanitizer.sanitize_json_data": {"executed_lines": [], "summary": {"covered_lines": 0, "num_statements": 7, "percent_covered": 0.0, "percent_covered_display": "0", "missing_lines": 7, "excluded_lines": 0, "num_branches": 10, "num_partial_branches": 0, "covered_branches": 0, "missing_branches": 10}, "missing_lines": [342, 343, 347, 348, 349, 350, 352], "excluded_lines": [], "executed_branches": [], "missing_branches": [[342, 343], [342, 347], [343, -343], [343, -339], [347, 348], [347, 349], [348, -348], [348, -339], [349, 350], [349, 352]]}, "InputValidator.__init__": {"executed_lines": [], "summary": {"covered_lines": 0, "num_statements": 2, "percent_covered": 0.0, "percent_covered_display": "0", "missing_lines": 2, "excluded_lines": 0, "num_branches": 0, "num_partial_branches": 0, "covered_branches": 0, "missing_branches": 0}, "missing_lines": [359, 360], "excluded_lines": [], "executed_branches": [], "missing_branches": []}, "InputValidator.validate_project_key": {"executed_lines": [], "summary": {"covered_lines": 0, "num_statements": 14, "percent_covered": 0.0, "percent_covered_display": "0", "missing_lines": 14, "excluded_lines": 0, "num_branches": 6, "num_partial_branches": 0, "covered_branches": 0, "missing_branches": 6}, "missing_lines": [364, 366, 367, 368, 369, 370, 371, 373, 375, 376, 377, 378, 379, 381], "excluded_lines": [], "executed_branches": [], "missing_branches": [[371, -371], [371, 373], [373, 375], [373, 381], [376, 377], [376, 381]]}, "InputValidator.validate_email": {"executed_lines": [], "summary": {"covered_lines": 0, "num_statements": 14, "percent_covered": 0.0, "percent_covered_display": "0", "missing_lines": 14, "excluded_lines": 0, "num_branches": 6, "num_partial_branches": 0, "covered_branches": 0, "missing_branches": 6}, "missing_lines": [385, 387, 388, 389, 390, 391, 392, 394, 396, 397, 398, 399, 400, 402], "excluded_lines": [], "executed_branches": [], "missing_branches": [[392, -392], [392, 394], [394, 396], [394, 402], [397, 398], [397, 402]]}, "InputValidator.validate_url": {"executed_lines": [], "summary": {"covered_lines": 0, "num_statements": 14, "percent_covered": 0.0, "percent_covered_display": "0", "missing_lines": 14, "excluded_lines": 0, "num_branches": 6, "num_partial_branches": 0, "covered_branches": 0, "missing_branches": 6}, "missing_lines": [406, 408, 409, 410, 411, 412, 413, 415, 417, 418, 419, 420, 421, 423], "excluded_lines": [], "executed_branches": [], "missing_branches": [[413, -413], [413, 415], [415, 417], [415, 423], [417, 418], [417, 419]]}, "InputValidator.validate_api_response": {"executed_lines": [], "summary": {"covered_lines": 0, "num_statements": 14, "percent_covered": 0.0, "percent_covered_display": "0", "missing_lines": 14, "excluded_lines": 0, "num_branches": 10, "num_partial_branches": 0, "covered_branches": 0, "missing_branches": 10}, "missing_lines": [429, 430, 433, 435, 436, 437, 438, 439, 440, 443, 444, 445, 447, 449], "excluded_lines": [], "executed_branches": [], "missing_branches": [[433, -433], [433, 435], [435, 436], [435, 443], [437, 438], [437, 443], [443, 444], [443, 449], [444, 445], [444, 447]]}, "InputValidator.validate_batch": {"executed_lines": [], "summary": {"covered_lines": 0, "num_statements": 15, "percent_covered": 0.0, "percent_covered_display": "0", "missing_lines": 15, "excluded_lines": 0, "num_branches": 6, "num_partial_branches": 0, "covered_branches": 0, "missing_branches": 6}, "missing_lines": [455, 457, 458, 460, 461, 462, 463, 464, 465, 467, 469, 470, 471, 473, 475], "excluded_lines": [], "executed_branches": [], "missing_branches": [[457, 458], [457, 475], [465, -465], [465, 467], [467, 469], [467, 473]]}, "get_validator": {"executed_lines": [], "summary": {"covered_lines": 0, "num_statements": 3, "percent_covered": 0.0, "percent_covered_display": "0", "missing_lines": 3, "excluded_lines": 0, "num_branches": 2, "num_partial_branches": 0, "covered_branches": 0, "missing_branches": 2}, "missing_lines": [485, 486, 487], "excluded_lines": [], "executed_branches": [], "missing_branches": [[485, 486], [485, 487]]}, "": {"executed_lines": [], "summary": {"covered_lines": 0, "num_statements": 86, "percent_covered": 0.0, "percent_covered_display": "0", "missing_lines": 86, "excluded_lines": 0, "num_branches": 32, "num_partial_branches": 0, "covered_branches": 0, "missing_branches": 32}, "missing_lines": [8, 9, 10, 11, 12, 13, 14, 15, 17, 18, 20, 22, 25, 28, 29, 30, 33, 34, 37, 38, 39, 40, 41, 44, 47, 49, 50, 59, 62, 64, 65, 89, 105, 108, 110, 111, 130, 133, 135, 136, 166, 169, 171, 172, 191, 194, 195, 196, 197, 198, 200, 201, 211, 212, 229, 230, 243, 246, 247, 248, 249, 251, 255, 256, 267, 268, 276, 279, 280, 304, 305, 311, 312, 333, 334, 339, 340, 355, 358, 362, 383, 404, 425, 451, 479, 482], "excluded_lines": [], "executed_branches": [], "missing_branches": [[33, 34], [33, 35], [50, -44], [50, 49], [65, 64], [65, 89], [111, -105], [111, 110], [136, -130], [136, 135], [172, -166], [172, 171], [201, 200], [201, 211], [212, 211], [212, 229], [230, -191], [230, 229], [256, 255], [256, 267], [268, -243], [268, 267], [280, 279], [280, 304], [305, 304], [305, 311], [312, 311], [312, 333], [334, 333], [334, 339], [340, -276], [340, 339]]}}, "classes": {"ValidationLevel": {"executed_lines": [], "summary": {"covered_lines": 0, "num_statements": 0, "percent_covered": 100.0, "percent_covered_display": "100", "missing_lines": 0, "excluded_lines": 0, "num_branches": 0, "num_partial_branches": 0, "covered_branches": 0, "missing_branches": 0}, "missing_lines": [], "excluded_lines": [], "executed_branches": [], "missing_branches": []}, "ValidationResult": {"executed_lines": [], "summary": {"covered_lines": 0, "num_statements": 0, "percent_covered": 100.0, "percent_covered_display": "100", "missing_lines": 0, "excluded_lines": 0, "num_branches": 0, "num_partial_branches": 0, "covered_branches": 0, "missing_branches": 0}, "missing_lines": [], "excluded_lines": [], "executed_branches": [], "missing_branches": []}, "ProjectKeyValidator": {"executed_lines": [], "summary": {"covered_lines": 0, "num_statements": 5, "percent_covered": 0.0, "percent_covered_display": "0", "missing_lines": 5, "excluded_lines": 0, "num_branches": 4, "num_partial_branches": 0, "covered_branches": 0, "missing_branches": 4}, "missing_lines": [52, 53, 54, 55, 56], "excluded_lines": [], "executed_branches": [], "missing_branches": [[52, 53], [52, 54], [54, 55], [54, 56]]}, "TimeWindowValidator": {"executed_lines": [], "summary": {"covered_lines": 0, "num_statements": 27, "percent_covered": 0.0, "percent_covered_display": "0", "missing_lines": 27, "excluded_lines": 0, "num_branches": 18, "num_partial_branches": 0, "covered_branches": 0, "missing_branches": 18}, "missing_lines": [67, 68, 70, 71, 73, 74, 75, 78, 79, 80, 81, 82, 83, 84, 85, 87, 91, 92, 93, 95, 96, 97, 98, 99, 100, 101, 102], "excluded_lines": [], "executed_branches": [], "missing_branches": [[70, 71], [70, 73], [78, 79], [78, 80], [80, 81], [80, 82], [82, 83], [82, 84], [84, 85], [84, 87], [95, 96], [95, 97], [97, 98], [97, 99], [99, 100], [99, 101], [101, -89], [101, 102]]}, "EmailValidator": {"executed_lines": [], "summary": {"covered_lines": 0, "num_statements": 5, "percent_covered": 0.0, "percent_covered_display": "0", "missing_lines": 5, "excluded_lines": 0, "num_branches": 2, "num_partial_branches": 0, "covered_branches": 0, "missing_branches": 2}, "missing_lines": [113, 116, 123, 124, 127], "excluded_lines": [], "executed_branches": [], "missing_branches": [[123, 124], [123, 127]]}, "URLValidator": {"executed_lines": [], "summary": {"covered_lines": 0, "num_statements": 9, "percent_covered": 0.0, "percent_covered_display": "0", "missing_lines": 9, "excluded_lines": 0, "num_branches": 6, "num_partial_branches": 0, "covered_branches": 0, "missing_branches": 6}, "missing_lines": [139, 149, 150, 153, 156, 157, 160, 161, 163], "excluded_lines": [], "executed_branches": [], "missing_branches": [[149, 150], [149, 153], [156, 157], [156, 160], [160, 161], [160, 163]]}, "APITokenValidator": {"executed_lines": [], "summary": {"covered_lines": 0, "num_statements": 9, "percent_covered": 0.0, "percent_covered_display": "0", "missing_lines": 9, "excluded_lines": 0, "num_branches": 8, "num_partial_branches": 0, "covered_branches": 0, "missing_branches": 8}, "missing_lines": [175, 176, 177, 178, 181, 182, 185, 186, 188], "excluded_lines": [], "executed_branches": [], "missing_branches": [[176, 177], [176, 181], [177, 176], [177, 178], [181, 182], [181, 185], [185, 186], [185, 188]]}, "TestCaseValidator": {"executed_lines": [], "summary": {"covered_lines": 0, "num_statements": 16, "percent_covered": 0.0, "percent_covered_display": "0", "missing_lines": 16, "excluded_lines": 0, "num_branches": 8, "num_partial_branches": 0, "covered_branches": 0, "missing_branches": 8}, "missing_lines": [204, 206, 208, 209, 214, 215, 225, 226, 227, 232, 233, 235, 237, 238, 239, 240], "excluded_lines": [], "executed_branches": [], "missing_branches": [[214, 215], [214, 227], [225, 226], [225, 227], [233, 235], [233, 240], [238, 233], [238, 239]]}, "MetricsRequestValidator": {"executed_lines": [], "summary": {"covered_lines": 0, "num_statements": 12, "percent_covered": 0.0, "percent_covered_display": "0", "missing_lines": 12, "excluded_lines": 0, "num_branches": 4, "num_partial_branches": 0, "covered_branches": 0, "missing_branches": 4}, "missing_lines": [258, 259, 260, 261, 262, 263, 264, 265, 270, 271, 272, 273], "excluded_lines": [], "executed_branches": [], "missing_branches": [[259, 260], [259, 265], [271, 272], [271, 273]]}, "DataSanitizer": {"executed_lines": [], "summary": {"covered_lines": 0, "num_statements": 29, "percent_covered": 0.0, "percent_covered_display": "0", "missing_lines": 29, "excluded_lines": 0, "num_branches": 18, "num_partial_branches": 0, "covered_branches": 0, "missing_branches": 18}, "missing_lines": [282, 283, 286, 289, 292, 293, 296, 297, 300, 302, 308, 309, 315, 318, 321, 322, 323, 325, 328, 329, 331, 337, 342, 343, 347, 348, 349, 350, 352], "excluded_lines": [], "executed_branches": [], "missing_branches": [[282, 283], [282, 286], [292, 293], [292, 296], [322, 323], [322, 325], [328, 329], [328, 331], [342, 343], [342, 347], [343, -343], [343, -339], [347, 348], [347, 349], [348, -348], [348, -339], [349, 350], [349, 352]]}, "InputValidator": {"executed_lines": [], "summary": {"covered_lines": 0, "num_statements": 73, "percent_covered": 0.0, "percent_covered_display": "0", "missing_lines": 73, "excluded_lines": 0, "num_branches": 34, "num_partial_branches": 0, "covered_branches": 0, "missing_branches": 34}, "missing_lines": [359, 360, 364, 366, 367, 368, 369, 370, 371, 373, 375, 376, 377, 378, 379, 381, 385, 387, 388, 389, 390, 391, 392, 394, 396, 397, 398, 399, 400, 402, 406, 408, 409, 410, 411, 412, 413, 415, 417, 418, 419, 420, 421, 423, 429, 430, 433, 435, 436, 437, 438, 439, 440, 443, 444, 445, 447, 449, 455, 457, 458, 460, 461, 462, 463, 464, 465, 467, 469, 470, 471, 473, 475], "excluded_lines": [], "executed_branches": [], "missing_branches": [[371, -371], [371, 373], [373, 375], [373, 381], [376, 377], [376, 381], [392, -392], [392, 394], [394, 396], [394, 402], [397, 398], [397, 402], [413, -413], [413, 415], [415, 417], [415, 423], [417, 418], [417, 419], [433, -433], [433, 435], [435, 436], [435, 443], [437, 438], [437, 443], [443, 444], [443, 449], [444, 445], [444, 447], [457, 458], [457, 475], [465, -465], [465, 467], [467, 469], [467, 473]]}, "": {"executed_lines": [], "summary": {"covered_lines": 0, "num_statements": 89, "percent_covered": 0.0, "percent_covered_display": "0", "missing_lines": 89, "excluded_lines": 0, "num_branches": 34, "num_partial_branches": 0, "covered_branches": 0, "missing_branches": 34}, "missing_lines": [8, 9, 10, 11, 12, 13, 14, 15, 17, 18, 20, 22, 25, 28, 29, 30, 33, 34, 37, 38, 39, 40, 41, 44, 47, 49, 50, 59, 62, 64, 65, 89, 105, 108, 110, 111, 130, 133, 135, 136, 166, 169, 171, 172, 191, 194, 195, 196, 197, 198, 200, 201, 211, 212, 229, 230, 243, 246, 247, 248, 249, 251, 255, 256, 267, 268, 276, 279, 280, 304, 305, 311, 312, 333, 334, 339, 340, 355, 358, 362, 383, 404, 425, 451, 479, 482, 485, 486, 487], "excluded_lines": [], "executed_branches": [], "missing_branches": [[33, 34], [33, 35], [50, -44], [50, 49], [65, 64], [65, 89], [111, -105], [111, 110], [136, -130], [136, 135], [172, -166], [172, 171], [201, 200], [201, 211], [212, 211], [212, 229], [230, -191], [230, 229], [256, 255], [256, 267], [268, -243], [268, 267], [280, 279], [280, 304], [305, 304], [305, 311], [312, 311], [312, 333], [334, 333], [334, 339], [340, -276], [340, 339], [485, 486], [485, 487]]}}}}, "totals": {"covered_lines": 560, "num_statements": 1911, "percent_covered": 24.816389640510245, "percent_covered_display": "25", "missing_lines": 1351, "excluded_lines": 4, "num_branches": 676, "num_partial_branches": 24, "covered_branches": 82, "missing_branches": 594}}